This is pdfTeX, Version 3.141592653-2.6-1.40.27 (TeX Live 2025) (preloaded format=pdflatex 2025.3.8)  11 JUL 2025 14:35
entering extended mode
 restricted \write18 enabled.
 file:line:error style messages enabled.
 %&-line parsing enabled.
**/Users/krish/Thesis/main.tex
(/Users/krish/Thesis/main.tex
LaTeX2e <2024-11-01> patch level 2
L3 programming layer <2025-01-18>
(./ucbthesis.cls
Document Class: ucbthesis 2019/07/19 v3.6 University of California, Berkeley Thesis Class
(/usr/local/texlive/2025/texmf-dist/tex/latex/memoir/memoir.cls
Document Class: memoir 2025/03/06 v3.8.3 configurable book, report, article document class
(/usr/local/texlive/2025/texmf-dist/tex/latex/xpatch/xpatch.sty (/usr/local/texlive/2025/texmf-dist/tex/latex/l3kernel/expl3.sty
Package: expl3 2025-01-18 L3 programming layer (loader) 
 (/usr/local/texlive/2025/texmf-dist/tex/latex/l3backend/l3backend-pdftex.def
File: l3backend-pdftex.def 2024-05-08 L3 backend support: PDF output (pdfTeX)
\l__color_backend_stack_int=\count196
\l__pdf_internal_box=\box52
))
Package: xpatch 2020/03/25 v0.3a Extending etoolbox patching commands
 (/usr/local/texlive/2025/texmf-dist/tex/latex/l3packages/xparse/xparse.sty
Package: xparse 2024-08-16 L3 Experimental document command parser
) (/usr/local/texlive/2025/texmf-dist/tex/latex/etoolbox/etoolbox.sty
Package: etoolbox 2025/02/11 v2.5l e-TeX tools for LaTeX (JAW)
\etb@tempcnta=\count197
))
\onelineskip=\skip49
\lxvchars=\skip50
\xlvchars=\skip51
\@memcnta=\count198
\c@@memmarkcntra=\count199
 (/usr/local/texlive/2025/texmf-dist/tex/generic/iftex/iftex.sty
Package: iftex 2024/12/12 v1.0g TeX engine tests
)
\trimtop=\skip52
\trimedge=\skip53
 (/usr/local/texlive/2025/texmf-dist/tex/latex/memoir/mem12.clo
File: mem12.clo 2022/07/29 v0.5 memoir class 12pt size option
)
\binding=\skip54
\spinemargin=\skip55
\foremargin=\skip56
\uppermargin=\skip57
\lowermargin=\skip58
\headdrop=\skip59
\normalrulethickness=\skip60
\mem@maxheadheight=\skip61
\mem@maxfootheight=\skip62
\headwidth=\skip63
\c@storedpagenumber=\count266
\memPD=\dimen141
\m@mabparskip=\skip64
\thanksmarkwidth=\skip65
\thanksmarksep=\skip66
\droptitle=\skip67
\c@book=\count267
\c@part=\count268
\c@chapter=\count269
\c@section=\count270
\c@subsection=\count271
\c@subsubsection=\count272
\c@paragraph=\count273
\c@subparagraph=\count274
\beforechapskip=\skip68
\midchapskip=\skip69
\afterchapskip=\skip70
\chapindent=\skip71
\bottomsectionskip=\skip72
\secindent=\skip73
\beforesecskip=\skip74
\aftersecskip=\skip75
\subsecindent=\skip76
\beforesubsecskip=\skip77
\aftersubsecskip=\skip78
\subsubsecindent=\skip79
\beforesubsubsecskip=\skip80
\aftersubsubsecskip=\skip81
\paraindent=\skip82
\beforeparaskip=\skip83
\afterparaskip=\skip84
\subparaindent=\skip85
\beforesubparaskip=\skip86
\aftersubparaskip=\skip87
\pfbreakskip=\skip88
\c@@ppsavesec=\count275
\c@@ppsaveapp=\count276
\ragrparindent=\dimen142
\everylistparindent=\dimen143
\parsepi=\skip89
\topsepi=\skip90
\itemsepi=\skip91
\parsepii=\skip92
\topsepii=\skip93
\topsepiii=\skip94
\itemsepii=\skip95
\itemsepiii=\skip96
\partopsepii=\skip97
\partopsepiii=\skip98
\m@msavetopsep=\skip99
\m@msavepartopsep=\skip100
\@enLab=\toks17
\abstitleskip=\skip101
\absleftindent=\skip102
\abs@leftindent=\dimen144
\absrightindent=\skip103
\absparindent=\skip104
\absparsep=\skip105
\c@vslineno=\count277
\c@poemline=\count278
\c@modulo@vs=\count279
\c@memfvsline=\count280
\vleftskip=\skip106
\vrightskip=\skip107
\stanzaskip=\skip108
\versewidth=\skip109
\vgap=\skip110
\vindent=\skip111
\vleftmargin=\dimen145
\c@verse=\count281
\c@chrsinstr=\count282
\beforepoemtitleskip=\skip112
\afterpoemtitleskip=\skip113
\c@poem=\count283
\beforePoemTitleskip=\skip114
\midPoemTitleskip=\skip115
\afterPoemTitleskip=\skip116
 (/usr/local/texlive/2025/texmf-dist/tex/latex/tools/array.sty
Package: array 2024/10/17 v2.6g Tabular extension package (FMi)
\col@sep=\dimen146
\ar@mcellbox=\box53
\extrarowheight=\dimen147
\NC@list=\toks18
\extratabsurround=\skip117
\backup@length=\skip118
\ar@cellbox=\box54
) (/usr/local/texlive/2025/texmf-dist/tex/latex/tools/dcolumn.sty
Package: dcolumn 2023/07/08 v1.06 decimal alignment package (DPC)
) (/usr/local/texlive/2025/texmf-dist/tex/latex/tools/delarray.sty
Package: delarray 2014/10/28 v1.01 array delimiter package (DPC)
) (/usr/local/texlive/2025/texmf-dist/tex/latex/tools/tabularx.sty
Package: tabularx 2023/12/11 v2.12a `tabularx' package (DPC)
\TX@col@width=\dimen148
\TX@old@table=\dimen149
\TX@old@col=\dimen150
\TX@target=\dimen151
\TX@delta=\dimen152
\TX@cols=\count284
\TX@ftn=\toks19
) (/usr/local/texlive/2025/texmf-dist/tex/latex/booktabs/booktabs.sty
Package: booktabs 2020/01/12 v1.61803398 Publication quality tables
\heavyrulewidth=\dimen153
\lightrulewidth=\dimen154
\cmidrulewidth=\dimen155
\belowrulesep=\dimen156
\belowbottomsep=\dimen157
\aboverulesep=\dimen158
\abovetopsep=\dimen159
\cmidrulesep=\dimen160
\cmidrulekern=\dimen161
\defaultaddspace=\dimen162
\@cmidla=\count285
\@cmidlb=\count286
\@aboverulesep=\dimen163
\@belowrulesep=\dimen164
\@thisruleclass=\count287
\@lastruleclass=\count288
\@thisrulewidth=\dimen165
)
\ctableftskip=\skip119
\ctabrightskip=\skip120
\abovecolumnspenalty=\count289
\@linestogo=\count290
\@cellstogo=\count291
\@cellsincolumn=\count292
\crtok=\toks20
\@mincolumnwidth=\dimen166
\c@newflo@tctr=\count293
\mem@margin@floatbox=\box55
\@contcwidth=\skip121
\@contindw=\skip122
\abovecaptionskip=\skip123
\belowcaptionskip=\skip124
\subfloattopskip=\skip125
\subfloatcapskip=\skip126
\subfloatcaptopadj=\skip127
\subfloatbottomskip=\skip128
\subfloatlabelskip=\skip129
\subfloatcapmargin=\dimen167
\c@@contsubnum=\count294
\m@mscap@capbox=\box56
\m@mscap@fbox=\box57
\sidecapsep=\dimen168
\sidecapwidth=\dimen169
\m@m@tempdima=\dimen170
\m@mscapraise=\dimen171
\sidecapraise=\dimen172
\m@mscapmainwidth=\dimen173
\m@mscaplkern=\dimen174
\beforeepigraphskip=\skip130
\afterepigraphskip=\skip131
\epigraphwidth=\skip132
\epigraphrule=\skip133
LaTeX Info: Redefining \em on input line 7017.
LaTeX Info: Redefining \emph on input line 7025.
 (/usr/local/texlive/2025/texmf-dist/tex/latex/hyperref/nameref.sty
Package: nameref 2023-11-26 v2.56 Cross-referencing by name of section
 (/usr/local/texlive/2025/texmf-dist/tex/latex/refcount/refcount.sty
Package: refcount 2019/12/15 v3.6 Data extraction from label references (HO)
 (/usr/local/texlive/2025/texmf-dist/tex/generic/ltxcmds/ltxcmds.sty
Package: ltxcmds 2023-12-04 v1.26 LaTeX kernel commands for general use (HO)
) (/usr/local/texlive/2025/texmf-dist/tex/generic/infwarerr/infwarerr.sty
Package: infwarerr 2019/12/03 v1.5 Providing info/warning/error messages (HO)
)) (/usr/local/texlive/2025/texmf-dist/tex/generic/gettitlestring/gettitlestring.sty
Package: gettitlestring 2019/12/15 v1.6 Cleanup title references (HO)
 (/usr/local/texlive/2025/texmf-dist/tex/latex/kvoptions/kvoptions.sty
Package: kvoptions 2022-06-15 v3.15 Key value format for package options (HO)
 (/usr/local/texlive/2025/texmf-dist/tex/latex/graphics/keyval.sty
Package: keyval 2022/05/29 v1.15 key=value parser (DPC)
\KV@toks@=\toks21
) (/usr/local/texlive/2025/texmf-dist/tex/latex/kvsetkeys/kvsetkeys.sty
Package: kvsetkeys 2022-10-05 v1.19 Key value parser (HO)
)))
\c@section@level=\count295
)
\tocentryskip=\skip134
\tocbaseline=\skip135
\cftparskip=\skip136
\cftbeforebookskip=\skip137
\cftbookindent=\dimen175
\cftbooknumwidth=\dimen176
\cftbeforepartskip=\skip138
\cftpartindent=\skip139
\cftpartnumwidth=\skip140
\cftbeforechapterskip=\skip141
\cftchapterindent=\skip142
\cftchapternumwidth=\skip143
\cftbeforesectionskip=\skip144
\cftsectionindent=\skip145
\cftsectionnumwidth=\skip146
\cftbeforesubsectionskip=\skip147
\cftsubsectionindent=\skip148
\cftsubsectionnumwidth=\skip149
\cftbeforesubsubsectionskip=\skip150
\cftsubsubsectionindent=\skip151
\cftsubsubsectionnumwidth=\skip152
\cftbeforeparagraphskip=\skip153
\cftparagraphindent=\skip154
\cftparagraphnumwidth=\skip155
\cftbeforesubparagraphskip=\skip156
\cftsubparagraphindent=\skip157
\cftsubparagraphnumwidth=\skip158
\prechapterprecisshift=\dimen177
\c@maxsecnumdepth=\count296
\bibindent=\dimen178
\bibitemsep=\skip159
\indexcolsep=\skip160
\indexrule=\skip161
\indexmarkstyle=\toks22
\@indexbox=\insert252
LaTeX Info: Redefining \raggedbottom on input line 8107.
LaTeX Info: Redefining \flushbottom on input line 8111.
\glossarycolsep=\dimen179
\glossaryrule=\dimen180
\sideparvshift=\skip162
\sideins=\insert251
\sidebartopsep=\skip163
\sidebarhsep=\skip164
\sidebarvsep=\skip165
\sidebarwidth=\skip166
\footmarkwidth=\skip167
\footmarksep=\skip168
\footparindent=\skip169
\footinsdim=\skip170
\footinsv@r=\insert250
\@mpfootinsv@r=\insert249
\m@m@k=\count297
\m@m@h=\dimen181
\m@mipn@skip=\skip171
\sidefootins=\insert248
\sidefootadjust=\skip172
\sidefootheight=\skip173
\sidefoothsep=\skip174
\sidefootvsep=\skip175
\sidefootwidth=\skip176
\m@mdownsf=\skip177
\c@sidefootnote=\count298
\sidefootmarkwidth=\skip178
\sidefootmarksep=\skip179
\sidefootparindent=\skip180
\c@pagenote=\count299
\c@pagenoteshadow=\count300
\mem@pn@lastkern=\skip181
 (/usr/local/texlive/2025/texmf-dist/tex/latex/tools/verbatim.sty
Package: verbatim 2024-01-22 v1.5x LaTeX2e package for verbatim enhancements
\every@verbatim=\toks23
\verbatim@line=\toks24
\verbatim@in@stream=\read2
)
\verbatimindent=\skip182
\verbatim@out=\write3
 (/usr/local/texlive/2025/texmf-dist/tex/latex/base/shortvrb.sty
Package: shortvrb 2024/10/23 v3.0q Standard LaTeX documentation package V3 (FMi)
)
\bvboxsep=\skip183
\c@memfbvline=\count301
\c@bvlinectr=\count302
\bvnumlength=\skip184
\fb@frw=\dimen182
\fb@frh=\dimen183
\FrameRule=\dimen184
\FrameSep=\dimen185
\c@cp@cntr=\count303
\c@ism@mctr=\count304
\c@xsm@mctr=\count305
\c@csm@mctr=\count306
\c@ksm@mctr=\count307
\c@xksm@mctr=\count308
\c@cksm@mctr=\count309
\c@msm@mctr=\count310
\c@xmsm@mctr=\count311
\c@cmsm@mctr=\count312
\c@bsm@mctr=\count313
\c@workm@mctr=\count314
\c@sheetsequence=\count315
\c@lastsheet=\count316
\c@lastpage=\count317
 (/usr/local/texlive/2025/texmf-dist/tex/latex/textcase/textcase.sty
Package: textcase 2025/02/16 v1.05 Text only upper/lower case changing (DPC)
Package textcase Info: Defining Legacy names on input line 20.
)
\c@figure=\count318
\c@lofdepth=\count319
\cftbeforefigureskip=\skip185
\cftfigureindent=\skip186
\cftfigurenumwidth=\skip187
\c@table=\count320
\c@lotdepth=\count321
\cftbeforetableskip=\skip188
\cfttableindent=\skip189
\cfttablenumwidth=\skip190
Package abstract [2008/07/23] emulated by memoir.
Package appendix [2008/07/23] emulated by memoir.
Package ccaption [2008/07/23] emulated by memoir.
Package changepage [2008/07/23] emulated by memoir.
Package chngcntr [2008/07/23] emulated by memoir.
Package chngpage [2008/07/23] emulated by memoir.
Package crop emulated by memoir.
Package enumerate [2008/07/23] emulated by memoir.
Package epigraph [2008/07/23] emulated by memoir.
Package ifmtarg [2008/07/23] emulated by memoir.
Package index [2008/07/23] emulated by memoir.
Package makeidx [2008/07/23] emulated by memoir.
Package moreverb [2008/07/23] emulated by memoir.
Package needspace [2008/07/23] emulated by memoir.
Package newfile [2008/07/23] emulated by memoir.
Package nextpage [2008/07/23] emulated by memoir.
Package pagenote [2008/07/23] emulated by memoir.
Package parskip [2008/07/23] emulated by memoir.
Package patchcmd [2008/07/23] emulated by memoir.
Package setspace [2008/07/23] emulated by memoir.
Package showidx [2008/07/23] emulated by memoir.
Package titleref [2008/07/23] emulated by memoir.
Package titling [2008/07/23] emulated by memoir.
Package tocbibind [2008/07/23] emulated by memoir.
Package tocloft [2008/07/23] emulated by memoir.
Package tocvsec2 [2008/07/23] emulated by memoir.
Package verse [2008/07/23] emulated by memoir.
)) (./thesis-preamble.tex (/usr/local/texlive/2025/texmf-dist/tex/latex/base/inputenc.sty
Package: inputenc 2024/02/08 v1.3d Input encoding file
\inpenc@prehook=\toks25
\inpenc@posthook=\toks26
) (/usr/local/texlive/2025/texmf-dist/tex/latex/base/fontenc.sty
Package: fontenc 2021/04/29 v2.0v Standard LaTeX package
) (/usr/local/texlive/2025/texmf-dist/tex/latex/crimsonpro/CrimsonPro.sty
Package: CrimsonPro 2022/09/30 (Bob Tennent and autoinst) Style file for CrimsonPro fonts.
 (/usr/local/texlive/2025/texmf-dist/tex/generic/iftex/ifxetex.sty
Package: ifxetex 2019/10/25 v0.7 ifxetex legacy package. Use iftex instead.
) (/usr/local/texlive/2025/texmf-dist/tex/generic/iftex/ifluatex.sty
Package: ifluatex 2019/10/25 v1.5 ifluatex legacy package. Use iftex instead.
) (/usr/local/texlive/2025/texmf-dist/tex/latex/xkeyval/xkeyval.sty
Package: xkeyval 2022/06/16 v2.9 package option processing (HA)
 (/usr/local/texlive/2025/texmf-dist/tex/generic/xkeyval/xkeyval.tex (/usr/local/texlive/2025/texmf-dist/tex/generic/xkeyval/xkvutils.tex
\XKV@toks=\toks27
\XKV@tempa@toks=\toks28
)
\XKV@depth=\count322
File: xkeyval.tex 2014/12/03 v2.7a key=value parser (HA)
)) (/usr/local/texlive/2025/texmf-dist/tex/latex/base/textcomp.sty
Package: textcomp 2024/04/24 v2.1b Standard LaTeX package
) (/usr/local/texlive/2025/texmf-dist/tex/latex/base/fontenc.sty
Package: fontenc 2021/04/29 v2.0v Standard LaTeX package
) (/usr/local/texlive/2025/texmf-dist/tex/latex/fontaxes/fontaxes.sty
Package: fontaxes 2020/07/21 v1.0e Font selection axes
LaTeX Info: Redefining \upshape on input line 29.
LaTeX Info: Redefining \itshape on input line 31.
LaTeX Info: Redefining \slshape on input line 33.
LaTeX Info: Redefining \swshape on input line 35.
LaTeX Info: Redefining \scshape on input line 37.
LaTeX Info: Redefining \sscshape on input line 39.
LaTeX Info: Redefining \ulcshape on input line 41.
LaTeX Info: Redefining \textsw on input line 47.
LaTeX Info: Redefining \textssc on input line 48.
LaTeX Info: Redefining \textulc on input line 49.
)
LaTeX Info: Redefining \oldstylenums on input line 198.
) (/usr/local/texlive/2025/texmf-dist/tex/latex/geometry/geometry.sty
Package: geometry 2020/01/02 v5.9 Page Geometry
 (/usr/local/texlive/2025/texmf-dist/tex/generic/iftex/ifvtex.sty
Package: ifvtex 2019/10/25 v1.7 ifvtex legacy package. Use iftex instead.
)
\Gm@cnth=\count323
\Gm@cntv=\count324
\c@Gm@tempcnt=\count325
\Gm@bindingoffset=\dimen186
\Gm@wd@mp=\dimen187
\Gm@odd@mp=\dimen188
\Gm@even@mp=\dimen189
\Gm@layoutwidth=\dimen190
\Gm@layoutheight=\dimen191
\Gm@layouthoffset=\dimen192
\Gm@layoutvoffset=\dimen193
\Gm@dimlist=\toks29
) (/usr/local/texlive/2025/texmf-dist/tex/generic/babel/babel.sty
Package: babel 2025/02/14 v25.4 The multilingual framework for pdfLaTeX, LuaLaTeX and XeLaTeX
\babel@savecnt=\count326
\U@D=\dimen194
\l@unhyphenated=\language90
 (/usr/local/texlive/2025/texmf-dist/tex/generic/babel/txtbabel.def)
\bbl@readstream=\read3
\bbl@dirlevel=\count327
 (/usr/local/texlive/2025/texmf-dist/tex/generic/babel-english/english.ldf
Language: english 2017/06/06 v3.3r English support from the babel system
Package babel Info: Hyphen rules for 'canadian' set to \l@english
(babel)             (\language0). Reported on input line 102.
Package babel Info: Hyphen rules for 'australian' set to \l@ukenglish
(babel)             (\language22). Reported on input line 105.
Package babel Info: Hyphen rules for 'newzealand' set to \l@ukenglish
(babel)             (\language22). Reported on input line 108.
)) (/usr/local/texlive/2025/texmf-dist/tex/generic/babel/locale/en/babel-english.tex
Package babel Info: Importing font and identification data for english
(babel)             from babel-en.ini. Reported on input line 11.
) (/usr/local/texlive/2025/texmf-dist/tex/latex/csquotes/csquotes.sty
Package: csquotes 2024-04-04 v5.2o context-sensitive quotations (JAW)
\csq@reset=\count328
\csq@gtype=\count329
\csq@glevel=\count330
\csq@qlevel=\count331
\csq@maxlvl=\count332
\csq@tshold=\count333
\csq@ltx@everypar=\toks30
 (/usr/local/texlive/2025/texmf-dist/tex/latex/csquotes/csquotes.def
File: csquotes.def 2024-04-04 v5.2o csquotes generic definitions (JAW)
)
Package csquotes Info: Trying to load configuration file 'csquotes.cfg'...
Package csquotes Info: ... configuration file loaded successfully.
 (/usr/local/texlive/2025/texmf-dist/tex/latex/csquotes/csquotes.cfg
File: csquotes.cfg 
)) (/usr/local/texlive/2025/texmf-dist/tex/latex/microtype/microtype.sty
Package: microtype 2025/02/11 v3.2a Micro-typographical refinements (RS)
\MT@toks=\toks31
\MT@tempbox=\box58
\MT@count=\count334
LaTeX Info: Redefining \noprotrusionifhmode on input line 1087.
LaTeX Info: Redefining \leftprotrusion on input line 1088.
\MT@prot@toks=\toks32
LaTeX Info: Redefining \rightprotrusion on input line 1107.
LaTeX Info: Redefining \textls on input line 1449.
\MT@outer@kern=\dimen195
LaTeX Info: Redefining \microtypecontext on input line 2053.
LaTeX Info: Redefining \textmicrotypecontext on input line 2070.
\MT@listname@count=\count335
 (/usr/local/texlive/2025/texmf-dist/tex/latex/microtype/microtype-pdftex.def
File: microtype-pdftex.def 2025/02/11 v3.2a Definitions specific to pdftex (RS)
LaTeX Info: Redefining \lsstyle on input line 944.
LaTeX Info: Redefining \lslig on input line 944.
\MT@outer@space=\skip191
)
Package microtype Info: Loading configuration file microtype.cfg.
 (/usr/local/texlive/2025/texmf-dist/tex/latex/microtype/microtype.cfg
File: microtype.cfg 2025/02/11 v3.2a microtype main configuration file (RS)
)
LaTeX Info: Redefining \microtypesetup on input line 3065.
) (/usr/local/texlive/2025/texmf-dist/tex/latex/amsmath/amsmath.sty
Package: amsmath 2024/11/05 v2.17t AMS math features
\@mathmargin=\skip192

For additional information on amsmath, use the `?' option.
(/usr/local/texlive/2025/texmf-dist/tex/latex/amsmath/amstext.sty
Package: amstext 2021/08/26 v2.01 AMS text
 (/usr/local/texlive/2025/texmf-dist/tex/latex/amsmath/amsgen.sty
File: amsgen.sty 1999/11/30 v2.0 generic functions
\@emptytoks=\toks33
\ex@=\dimen196
)) (/usr/local/texlive/2025/texmf-dist/tex/latex/amsmath/amsbsy.sty
Package: amsbsy 1999/11/29 v1.2d Bold Symbols
\pmbraise@=\dimen197
) (/usr/local/texlive/2025/texmf-dist/tex/latex/amsmath/amsopn.sty
Package: amsopn 2022/04/08 v2.04 operator names
)
\inf@bad=\count336
LaTeX Info: Redefining \frac on input line 233.
\uproot@=\count337
\leftroot@=\count338
LaTeX Info: Redefining \overline on input line 398.
LaTeX Info: Redefining \colon on input line 409.
\classnum@=\count339
\DOTSCASE@=\count340
LaTeX Info: Redefining \ldots on input line 495.
LaTeX Info: Redefining \dots on input line 498.
LaTeX Info: Redefining \cdots on input line 619.
\Mathstrutbox@=\box59
\strutbox@=\box60
LaTeX Info: Redefining \big on input line 721.
LaTeX Info: Redefining \Big on input line 722.
LaTeX Info: Redefining \bigg on input line 723.
LaTeX Info: Redefining \Bigg on input line 724.
\big@size=\dimen198
LaTeX Font Info:    Redeclaring font encoding OML on input line 742.
LaTeX Font Info:    Redeclaring font encoding OMS on input line 743.
\macc@depth=\count341
LaTeX Info: Redefining \bmod on input line 904.
LaTeX Info: Redefining \pmod on input line 909.
LaTeX Info: Redefining \smash on input line 939.
LaTeX Info: Redefining \relbar on input line 969.
LaTeX Info: Redefining \Relbar on input line 970.
\c@MaxMatrixCols=\count342
\dotsspace@=\muskip17
\c@parentequation=\count343
\dspbrk@lvl=\count344
\tag@help=\toks34
\row@=\count345
\column@=\count346
\maxfields@=\count347
\andhelp@=\toks35
\eqnshift@=\dimen199
\alignsep@=\dimen256
\tagshift@=\dimen257
\tagwidth@=\dimen258
\totwidth@=\dimen259
\lineht@=\dimen260
\@envbody=\toks36
\multlinegap=\skip193
\multlinetaggap=\skip194
\mathdisplay@stack=\toks37
LaTeX Info: Redefining \[ on input line 2953.
LaTeX Info: Redefining \] on input line 2954.
) (/usr/local/texlive/2025/texmf-dist/tex/latex/amsfonts/amssymb.sty
Package: amssymb 2013/01/14 v3.01 AMS font symbols
 (/usr/local/texlive/2025/texmf-dist/tex/latex/amsfonts/amsfonts.sty
Package: amsfonts 2013/01/14 v3.01 Basic AMSFonts support
\symAMSa=\mathgroup4
\symAMSb=\mathgroup5
LaTeX Font Info:    Redeclaring math symbol \hbar on input line 98.
LaTeX Font Info:    Overwriting math alphabet `\mathfrak' in version `bold'
(Font)                  U/euf/m/n --> U/euf/b/n on input line 106.
)) (/usr/local/texlive/2025/texmf-dist/tex/latex/amscls/amsthm.sty
Package: amsthm 2020/05/29 v2.20.6
\thm@style=\toks38
\thm@bodyfont=\toks39
\thm@headfont=\toks40
\thm@notefont=\toks41
\thm@headpunct=\toks42
\thm@preskip=\skip195
\thm@postskip=\skip196
\thm@headsep=\skip197
\dth@everypar=\toks43
) (/usr/local/texlive/2025/texmf-dist/tex/latex/physics/physics.sty
Package: physics 
) (/usr/local/texlive/2025/texmf-dist/tex/latex/units/nicefrac.sty
Package: nicefrac 1998/08/04 v0.9b Nice fractions
\L@UnitsRaiseDisplaystyle=\skip198
\L@UnitsRaiseTextstyle=\skip199
\L@UnitsRaiseScriptstyle=\skip256
 (/usr/local/texlive/2025/texmf-dist/tex/latex/base/ifthen.sty
Package: ifthen 2024/03/16 v1.1e Standard LaTeX ifthen package (DPC)
)) (/usr/local/texlive/2025/texmf-dist/tex/latex/mathtools/mathtools.sty
Package: mathtools 2024/10/04 v1.31 mathematical typesetting tools
 (/usr/local/texlive/2025/texmf-dist/tex/latex/tools/calc.sty
Package: calc 2023/07/08 v4.3 Infix arithmetic (KKT,FJ)
\calc@Acount=\count348
\calc@Bcount=\count349
\calc@Adimen=\dimen261
\calc@Bdimen=\dimen262
\calc@Askip=\skip257
\calc@Bskip=\skip258
LaTeX Info: Redefining \setlength on input line 80.
LaTeX Info: Redefining \addtolength on input line 81.
\calc@Ccount=\count350
\calc@Cskip=\skip259
) (/usr/local/texlive/2025/texmf-dist/tex/latex/mathtools/mhsetup.sty
Package: mhsetup 2021/03/18 v1.4 programming setup (MH)
)
\g_MT_multlinerow_int=\count351
\l_MT_multwidth_dim=\dimen263
\origjot=\skip260
\l_MT_shortvdotswithinadjustabove_dim=\dimen264
\l_MT_shortvdotswithinadjustbelow_dim=\dimen265
\l_MT_above_intertext_sep=\dimen266
\l_MT_below_intertext_sep=\dimen267
\l_MT_above_shortintertext_sep=\dimen268
\l_MT_below_shortintertext_sep=\dimen269
\xmathstrut@box=\box61
\xmathstrut@dim=\dimen270
) (/usr/local/texlive/2025/texmf-dist/tex/latex/graphics/graphicx.sty
Package: graphicx 2021/09/16 v1.2d Enhanced LaTeX Graphics (DPC,SPQR)
 (/usr/local/texlive/2025/texmf-dist/tex/latex/graphics/graphics.sty
Package: graphics 2024/08/06 v1.4g Standard LaTeX Graphics (DPC,SPQR)
 (/usr/local/texlive/2025/texmf-dist/tex/latex/graphics/trig.sty
Package: trig 2023/12/02 v1.11 sin cos tan (DPC)
) (/usr/local/texlive/2025/texmf-dist/tex/latex/graphics-cfg/graphics.cfg
File: graphics.cfg 2016/06/04 v1.11 sample graphics configuration
)
Package graphics Info: Driver file: pdftex.def on input line 106.
 (/usr/local/texlive/2025/texmf-dist/tex/latex/graphics-def/pdftex.def
File: pdftex.def 2024/04/13 v1.2c Graphics/color driver for pdftex
))
\Gin@req@height=\dimen271
\Gin@req@width=\dimen272
) (/usr/local/texlive/2025/texmf-dist/tex/latex/caption/subcaption.sty
Package: subcaption 2023/07/28 v1.6b Sub-captions (AR)
 (/usr/local/texlive/2025/texmf-dist/tex/latex/caption/caption.sty
Package: caption 2023/08/05 v3.6o Customizing captions (AR)
 (/usr/local/texlive/2025/texmf-dist/tex/latex/caption/caption3.sty
Package: caption3 2023/07/31 v2.4d caption3 kernel (AR)
\caption@tempdima=\dimen273
\captionmargin=\dimen274
\caption@leftmargin=\dimen275
\caption@rightmargin=\dimen276
\caption@width=\dimen277
\caption@indent=\dimen278
\caption@parindent=\dimen279
\caption@hangindent=\dimen280
Package caption Info: memoir document class detected.
 (/usr/local/texlive/2025/texmf-dist/tex/latex/caption/caption-memoir.sto
File: caption-memoir.sto 2023/09/08 v2.2c Adaption of the caption package to the memoir document class (AR)
))
\c@caption@flags=\count352
\c@continuedfloat=\count353
Package caption Info: changepage package is loaded.
\caption@adjustwidth@hsize=\dimen281
\caption@adjustwidth@linewidth=\dimen282
)
Package caption Info: New subtype `subfigure' on input line 238.
\c@subfigure=\count354
Package caption Info: New subtype `subtable' on input line 238.
\c@subtable=\count355
) (/usr/local/texlive/2025/texmf-dist/tex/latex/multirow/multirow.sty
Package: multirow 2024/11/12 v2.9 Span multiple rows of a table
\multirow@colwidth=\skip261
\multirow@cntb=\count356
\multirow@dima=\skip262
\bigstrutjot=\dimen283
) (/usr/local/texlive/2025/texmf-dist/tex/latex/xcolor/xcolor.sty
Package: xcolor 2024/09/29 v3.02 LaTeX color extensions (UK)
 (/usr/local/texlive/2025/texmf-dist/tex/latex/graphics-cfg/color.cfg
File: color.cfg 2016/01/02 v1.6 sample color configuration
)
Package xcolor Info: Driver file: pdftex.def on input line 274.
 (/usr/local/texlive/2025/texmf-dist/tex/latex/graphics/mathcolor.ltx)
Package xcolor Info: Model `cmy' substituted by `cmy0' on input line 1349.
Package xcolor Info: Model `hsb' substituted by `rgb' on input line 1353.
Package xcolor Info: Model `RGB' extended on input line 1365.
Package xcolor Info: Model `HTML' substituted by `rgb' on input line 1367.
Package xcolor Info: Model `Hsb' substituted by `hsb' on input line 1368.
Package xcolor Info: Model `tHsb' substituted by `hsb' on input line 1369.
Package xcolor Info: Model `HSB' substituted by `hsb' on input line 1370.
Package xcolor Info: Model `Gray' substituted by `gray' on input line 1371.
Package xcolor Info: Model `wave' substituted by `hsb' on input line 1372.
) (/usr/local/texlive/2025/texmf-dist/tex/latex/algorithm2e/algorithm2e.sty
Package: algorithm2e 2017/07/18 v5.2 algorithms environments
\c@AlgoLine=\count357
\algocf@hangindent=\skip263
 (/usr/local/texlive/2025/texmf-dist/tex/latex/ifoddpage/ifoddpage.sty
Package: ifoddpage 2022/10/18 v1.2 Conditionals for odd/even page detection
\c@checkoddpage=\count358
LaTeX Info: Redefining \checkoddpage on input line 45.
) (/usr/local/texlive/2025/texmf-dist/tex/latex/tools/xspace.sty
Package: xspace 2014/10/28 v1.13 Space after command names (DPC,MH)
) (/usr/local/texlive/2025/texmf-dist/tex/latex/relsize/relsize.sty
Package: relsize 2013/03/29 ver 4.1
)
\skiptotal=\skip264
\skiplinenumber=\skip265
\skiprule=\skip266
\skiphlne=\skip267
\skiptext=\skip268
\skiplength=\skip269
\algomargin=\skip270
\skipalgocfslide=\skip271
\algowidth=\dimen284
\inoutsize=\dimen285
\inoutindent=\dimen286
\interspacetitleruled=\dimen287
\interspacealgoruled=\dimen288
\interspacetitleboxruled=\dimen289
\algocf@ruledwidth=\skip272
\algocf@inoutbox=\box62
\algocf@inputbox=\box63
\AlCapSkip=\skip273
\AlCapHSkip=\skip274
\algoskipindent=\skip275
\algocf@nlbox=\box64
\algocf@hangingbox=\box65
\algocf@untilbox=\box66
\algocf@skipuntil=\skip276
\algocf@capbox=\box67
\algocf@lcaptionbox=\skip277
\algoheightruledefault=\skip278
\algoheightrule=\skip279
\algotitleheightruledefault=\skip280
\algotitleheightrule=\skip281
\c@algocfline=\count359
\c@algocfproc=\count360
\c@algocf=\count361
\algocf@algoframe=\box68
\algocf@algobox=\box69
) (/usr/local/texlive/2025/texmf-dist/tex/latex/listings/listings.sty
\lst@mode=\count362
\lst@gtempboxa=\box70
\lst@token=\toks44
\lst@length=\count363
\lst@currlwidth=\dimen290
\lst@column=\count364
\lst@pos=\count365
\lst@lostspace=\dimen291
\lst@width=\dimen292
\lst@newlines=\count366
\lst@lineno=\count367
\lst@maxwidth=\dimen293
 (/usr/local/texlive/2025/texmf-dist/tex/latex/listings/lstpatch.sty
File: lstpatch.sty 2024/09/23 1.10c (Carsten Heinz)
) (/usr/local/texlive/2025/texmf-dist/tex/latex/listings/lstmisc.sty
File: lstmisc.sty 2024/09/23 1.10c (Carsten Heinz)
\c@lstnumber=\count368
\lst@skipnumbers=\count369
\lst@framebox=\box71
) (/usr/local/texlive/2025/texmf-dist/tex/latex/listings/listings.cfg
File: listings.cfg 2024/09/23 1.10c listings configuration
))
Package: listings 2024/09/23 1.10c (Carsten Heinz)
 (/usr/local/texlive/2025/texmf-dist/tex/latex/biblatex/biblatex.sty
Package: biblatex 2024/03/21 v3.20 programmable bibliographies (PK/MW)
 (/usr/local/texlive/2025/texmf-dist/tex/generic/pdftexcmds/pdftexcmds.sty
Package: pdftexcmds 2020-06-27 v0.33 Utility functions of pdfTeX for LuaTeX (HO)
Package pdftexcmds Info: \pdf@primitive is available.
Package pdftexcmds Info: \pdf@ifprimitive is available.
Package pdftexcmds Info: \pdfdraftmode found.
) (/usr/local/texlive/2025/texmf-dist/tex/latex/logreq/logreq.sty
Package: logreq 2010/08/04 v1.0 xml request logger
\lrq@indent=\count370
 (/usr/local/texlive/2025/texmf-dist/tex/latex/logreq/logreq.def
File: logreq.def 2010/08/04 v1.0 logreq spec v1.0
)) (/usr/local/texlive/2025/texmf-dist/tex/latex/url/url.sty
\Urlmuskip=\muskip18
Package: url 2013/09/16  ver 3.4  Verb mode for urls, etc.
)
\c@tabx@nest=\count371
\c@listtotal=\count372
\c@listcount=\count373
\c@liststart=\count374
\c@liststop=\count375
\c@citecount=\count376
\c@citetotal=\count377
\c@multicitecount=\count378
\c@multicitetotal=\count379
\c@instcount=\count380
\c@maxnames=\count381
\c@minnames=\count382
\c@maxitems=\count383
\c@minitems=\count384
\c@citecounter=\count385
\c@maxcitecounter=\count386
\c@savedcitecounter=\count387
\c@uniquelist=\count388
\c@uniquename=\count389
\c@refsection=\count390
\c@refsegment=\count391
\c@maxextratitle=\count392
\c@maxextratitleyear=\count393
\c@maxextraname=\count394
\c@maxextradate=\count395
\c@maxextraalpha=\count396
\c@abbrvpenalty=\count397
\c@highnamepenalty=\count398
\c@lownamepenalty=\count399
\c@maxparens=\count400
\c@parenlevel=\count401
\blx@tempcnta=\count402
\blx@tempcntb=\count403
\blx@tempcntc=\count404
\c@blx@maxsection=\count405
\blx@maxsegment@0=\count406
\blx@notetype=\count407
\blx@parenlevel@text=\count408
\blx@parenlevel@foot=\count409
\blx@sectionciteorder@0=\count410
\blx@sectionciteorderinternal@0=\count411
\blx@entrysetcounter=\count412
\blx@biblioinstance=\count413
\labelnumberwidth=\skip282
\labelalphawidth=\skip283
\biblabelsep=\skip284
\bibnamesep=\skip285
\bibinitsep=\skip286
\bibparsep=\skip287
\bibhang=\skip288
\blx@bcfin=\read4
\blx@bcfout=\write4
\blx@langwohyphens=\language91
\c@mincomprange=\count414
\c@maxcomprange=\count415
\c@mincompwidth=\count416
Package biblatex Info: Trying to load biblatex default data model...
Package biblatex Info: ... file 'blx-dm.def' found.
 (/usr/local/texlive/2025/texmf-dist/tex/latex/biblatex/blx-dm.def
File: blx-dm.def 2024/03/21 v3.20 biblatex datamodel (PK/MW)
)
Package biblatex Info: Trying to load biblatex style data model...
Package biblatex Info: ... file 'numeric-comp.dbx' not found.
Package biblatex Info: Trying to load biblatex custom data model...
Package biblatex Info: ... file 'biblatex-dm.cfg' not found.
\c@afterword=\count417
\c@savedafterword=\count418
\c@annotator=\count419
\c@savedannotator=\count420
\c@author=\count421
\c@savedauthor=\count422
\c@bookauthor=\count423
\c@savedbookauthor=\count424
\c@commentator=\count425
\c@savedcommentator=\count426
\c@editor=\count427
\c@savededitor=\count428
\c@editora=\count429
\c@savededitora=\count430
\c@editorb=\count431
\c@savededitorb=\count432
\c@editorc=\count433
\c@savededitorc=\count434
\c@foreword=\count435
\c@savedforeword=\count436
\c@holder=\count437
\c@savedholder=\count438
\c@introduction=\count439
\c@savedintroduction=\count440
\c@namea=\count441
\c@savednamea=\count442
\c@nameb=\count443
\c@savednameb=\count444
\c@namec=\count445
\c@savednamec=\count446
\c@translator=\count447
\c@savedtranslator=\count448
\c@shortauthor=\count449
\c@savedshortauthor=\count450
\c@shorteditor=\count451
\c@savedshorteditor=\count452
\c@labelname=\count453
\c@savedlabelname=\count454
\c@institution=\count455
\c@savedinstitution=\count456
\c@lista=\count457
\c@savedlista=\count458
\c@listb=\count459
\c@savedlistb=\count460
\c@listc=\count461
\c@savedlistc=\count462
\c@listd=\count463
\c@savedlistd=\count464
\c@liste=\count465
\c@savedliste=\count466
\c@listf=\count467
\c@savedlistf=\count468
\c@location=\count469
\c@savedlocation=\count470
\c@organization=\count471
\c@savedorganization=\count472
\c@origlocation=\count473
\c@savedoriglocation=\count474
\c@origpublisher=\count475
\c@savedorigpublisher=\count476
\c@publisher=\count477
\c@savedpublisher=\count478
\c@language=\count479
\c@savedlanguage=\count480
\c@origlanguage=\count481
\c@savedoriglanguage=\count482
\c@pageref=\count483
\c@savedpageref=\count484
\shorthandwidth=\skip289
\shortjournalwidth=\skip290
\shortserieswidth=\skip291
\shorttitlewidth=\skip292
\shortauthorwidth=\skip293
\shorteditorwidth=\skip294
\locallabelnumberwidth=\skip295
\locallabelalphawidth=\skip296
\localshorthandwidth=\skip297
\localshortjournalwidth=\skip298
\localshortserieswidth=\skip299
\localshorttitlewidth=\skip300
\localshortauthorwidth=\skip301
\localshorteditorwidth=\skip302
Package biblatex Info: Trying to load compatibility code...
Package biblatex Info: ... file 'blx-compat.def' found.
 (/usr/local/texlive/2025/texmf-dist/tex/latex/biblatex/blx-compat.def
File: blx-compat.def 2024/03/21 v3.20 biblatex compatibility (PK/MW)
)
Package biblatex Info: Trying to load generic definitions...
Package biblatex Info: ... file 'biblatex.def' found.
 (/usr/local/texlive/2025/texmf-dist/tex/latex/biblatex/biblatex.def
File: biblatex.def 2024/03/21 v3.20 biblatex compatibility (PK/MW)
\c@textcitecount=\count485
\c@textcitetotal=\count486
\c@textcitemaxnames=\count487
\c@biburlbigbreakpenalty=\count488
\c@biburlbreakpenalty=\count489
\c@biburlnumpenalty=\count490
\c@biburlucpenalty=\count491
\c@biburllcpenalty=\count492
\biburlbigskip=\muskip19
\biburlnumskip=\muskip20
\biburlucskip=\muskip21
\biburllcskip=\muskip22
\c@smartand=\count493
)
Package biblatex Info: Trying to load bibliography style 'numeric-comp'...
Package biblatex Info: ... file 'numeric-comp.bbx' found.
 (/usr/local/texlive/2025/texmf-dist/tex/latex/biblatex/bbx/numeric-comp.bbx
File: numeric-comp.bbx 2024/03/21 v3.20 biblatex bibliography style (PK/MW)
Package biblatex Info: Trying to load bibliography style 'numeric'...
Package biblatex Info: ... file 'numeric.bbx' found.
 (/usr/local/texlive/2025/texmf-dist/tex/latex/biblatex/bbx/numeric.bbx
File: numeric.bbx 2024/03/21 v3.20 biblatex bibliography style (PK/MW)
Package biblatex Info: Trying to load bibliography style 'standard'...
Package biblatex Info: ... file 'standard.bbx' found.
 (/usr/local/texlive/2025/texmf-dist/tex/latex/biblatex/bbx/standard.bbx
File: standard.bbx 2024/03/21 v3.20 biblatex bibliography style (PK/MW)
\c@bbx:relatedcount=\count494
\c@bbx:relatedtotal=\count495
)))
Package biblatex Info: Trying to load citation style 'numeric-comp'...
Package biblatex Info: ... file 'numeric-comp.cbx' found.
 (/usr/local/texlive/2025/texmf-dist/tex/latex/biblatex/cbx/numeric-comp.cbx
File: numeric-comp.cbx 2024/03/21 v3.20 biblatex citation style (PK/MW)
\c@cbx@tempcnta=\count496
\c@cbx@tempcntb=\count497
\c@cbx@tempcntc=\count498
\c@cbx@tempcntd=\count499
Package biblatex Info: Redefining '\cite'.
Package biblatex Info: Redefining '\parencite'.
Package biblatex Info: Redefining '\footcite'.
Package biblatex Info: Redefining '\footcitetext'.
Package biblatex Info: Redefining '\smartcite'.
Package biblatex Info: Redefining '\supercite'.
Package biblatex Info: Redefining '\textcite'.
Package biblatex Info: Redefining '\textcites'.
Package biblatex Info: Redefining '\cites'.
Package biblatex Info: Redefining '\parencites'.
Package biblatex Info: Redefining '\smartcites'.
)
Package biblatex Info: Trying to load configuration file...
Package biblatex Info: ... file 'biblatex.cfg' found.
 (/usr/local/texlive/2025/texmf-dist/tex/latex/biblatex/biblatex.cfg
File: biblatex.cfg 
)
Package biblatex Info: Input encoding 'utf8' detected.
Package biblatex Info: Document encoding is UTF8 ....
Package biblatex Info: ... and expl3
(biblatex)             2025-01-18 L3 programming layer (loader) 
(biblatex)             is new enough (at least 2020/04/06),
(biblatex)             setting 'casechanger=expl3'.
 (/usr/local/texlive/2025/texmf-dist/tex/latex/biblatex/blx-case-expl3.sty
Package: blx-case-expl3 2024/03/21 v3.20 expl3 case changing code for biblatex
)) (/usr/local/texlive/2025/texmf-dist/tex/latex/hyperref/hyperref.sty
Package: hyperref 2024-11-05 v7.01l Hypertext links for LaTeX
 (/usr/local/texlive/2025/texmf-dist/tex/generic/kvdefinekeys/kvdefinekeys.sty
Package: kvdefinekeys 2019-12-19 v1.6 Define keys (HO)
) (/usr/local/texlive/2025/texmf-dist/tex/generic/pdfescape/pdfescape.sty
Package: pdfescape 2019/12/09 v1.15 Implements pdfTeX's escape features (HO)
) (/usr/local/texlive/2025/texmf-dist/tex/latex/hycolor/hycolor.sty
Package: hycolor 2020-01-27 v1.10 Color options for hyperref/bookmark (HO)
) (/usr/local/texlive/2025/texmf-dist/tex/generic/stringenc/stringenc.sty
Package: stringenc 2019/11/29 v1.12 Convert strings between diff. encodings (HO)
)
\@linkdim=\dimen294
\Hy@linkcounter=\count500
\Hy@pagecounter=\count501
 (/usr/local/texlive/2025/texmf-dist/tex/latex/hyperref/pd1enc.def
File: pd1enc.def 2024-11-05 v7.01l Hyperref: PDFDocEncoding definition (HO)
Now handling font encoding PD1 ...
... no UTF-8 mapping file for font encoding PD1
) (/usr/local/texlive/2025/texmf-dist/tex/generic/intcalc/intcalc.sty
Package: intcalc 2019/12/15 v1.3 Expandable calculations with integers (HO)
)
\Hy@SavedSpaceFactor=\count502
 (/usr/local/texlive/2025/texmf-dist/tex/latex/hyperref/puenc.def
File: puenc.def 2024-11-05 v7.01l Hyperref: PDF Unicode definition (HO)
Now handling font encoding PU ...
... no UTF-8 mapping file for font encoding PU
)
Package hyperref Info: Option `pdfusetitle' set `true' on input line 4040.
Package hyperref Info: Option `bookmarks' set `true' on input line 4040.
Package hyperref Info: Option `bookmarksnumbered' set `true' on input line 4040.
Package hyperref Info: Option `bookmarksopen' set `true' on input line 4040.
Package hyperref Info: Option `breaklinks' set `true' on input line 4040.
Package hyperref Info: Option `colorlinks' set `false' on input line 4040.
Package hyperref Info: Hyper figures OFF on input line 4157.
Package hyperref Info: Link nesting OFF on input line 4162.
Package hyperref Info: Hyper index ON on input line 4165.
Package hyperref Info: Plain pages OFF on input line 4172.
Package hyperref Info: Backreferencing OFF on input line 4177.
Package hyperref Info: Implicit mode ON; LaTeX internals redefined.
Package hyperref Info: Bookmarks ON on input line 4424.
\c@Hy@tempcnt=\count503
LaTeX Info: Redefining \url on input line 4763.
\XeTeXLinkMargin=\dimen295
 (/usr/local/texlive/2025/texmf-dist/tex/generic/bitset/bitset.sty
Package: bitset 2019/12/09 v1.3 Handle bit-vector datatype (HO)
 (/usr/local/texlive/2025/texmf-dist/tex/generic/bigintcalc/bigintcalc.sty
Package: bigintcalc 2019/12/15 v1.5 Expandable calculations on big integers (HO)
))
\Fld@menulength=\count504
\Field@Width=\dimen296
\Fld@charsize=\dimen297
Package hyperref Info: Hyper figures OFF on input line 6042.
Package hyperref Info: Link nesting OFF on input line 6047.
Package hyperref Info: Hyper index ON on input line 6050.
Package hyperref Info: backreferencing OFF on input line 6057.
Package hyperref Info: Link coloring OFF on input line 6062.
Package hyperref Info: Link coloring with OCG OFF on input line 6067.
Package hyperref Info: PDF/A mode OFF on input line 6072.
 (/usr/local/texlive/2025/texmf-dist/tex/latex/base/atbegshi-ltx.sty
Package: atbegshi-ltx 2021/01/10 v1.0c Emulation of the original atbegshi
package with kernel methods
)
\Hy@abspage=\count505
\c@Item=\count506
\c@Hfootnote=\count507
)
Package hyperref Info: Driver (autodetected): hpdftex.
 (/usr/local/texlive/2025/texmf-dist/tex/latex/hyperref/hpdftex.def
File: hpdftex.def 2024-11-05 v7.01l Hyperref driver for pdfTeX
 (/usr/local/texlive/2025/texmf-dist/tex/latex/base/atveryend-ltx.sty
Package: atveryend-ltx 2020/08/19 v1.0a Emulation of the original atveryend package
with kernel methods
)
\Fld@listcount=\count508
\c@bookmark@seq@number=\count509
 (/usr/local/texlive/2025/texmf-dist/tex/latex/rerunfilecheck/rerunfilecheck.sty
Package: rerunfilecheck 2022-07-10 v1.10 Rerun checks for auxiliary files (HO)
 (/usr/local/texlive/2025/texmf-dist/tex/generic/uniquecounter/uniquecounter.sty
Package: uniquecounter 2019/12/15 v1.4 Provide unlimited unique counter (HO)
)
Package uniquecounter Info: New unique counter `rerunfilecheck' on input line 285.
)
\Hy@SectionHShift=\skip303
) (/usr/local/texlive/2025/texmf-dist/tex/latex/memoir/memhfixc.sty
Package: memhfixc 2025/03/06 v1.23 hyperref package fixes for memoir class
\c@memhycontfloat=\count510
\c@mem@Hpagenote=\count511
) (/usr/local/texlive/2025/texmf-dist/tex/latex/cleveref/cleveref.sty
Package: cleveref 2018/03/27 v0.21.4 Intelligent cross-referencing
LaTeX Info: Redefining \Cref on input line 925.
Package cleveref Info: `hyperref' support loaded on input line 2370.
LaTeX Info: Redefining \cref on input line 2370.
LaTeX Info: Redefining \Cref on input line 2370.
LaTeX Info: Redefining \crefrange on input line 2370.
LaTeX Info: Redefining \Crefrange on input line 2370.
LaTeX Info: Redefining \cpageref on input line 2370.
LaTeX Info: Redefining \Cpageref on input line 2370.
LaTeX Info: Redefining \cpagerefrange on input line 2370.
LaTeX Info: Redefining \Cpagerefrange on input line 2370.
LaTeX Info: Redefining \labelcref on input line 2370.
LaTeX Info: Redefining \labelcpageref on input line 2370.
Package cleveref Info: `amsthm' support loaded on input line 3026.
Package cleveref Info: `listings' support loaded on input line 3131.
Package cleveref Info: `algorithm2e' support loaded on input line 3147.
Package cleveref Info: always capitalise cross-reference names on input line 7825.
Package cleveref Info: always capitalise cross-reference names on input line 7852.
Package cleveref Info: no abbreviation of names on input line 7852.
) (/usr/local/texlive/2025/texmf-dist/tex/latex/pgf/utilities/pgffor.sty (/usr/local/texlive/2025/texmf-dist/tex/latex/pgf/utilities/pgfrcs.sty (/usr/local/texlive/2025/texmf-dist/tex/generic/pgf/utilities/pgfutil-common.tex
\pgfutil@everybye=\toks45
\pgfutil@tempdima=\dimen298
\pgfutil@tempdimb=\dimen299
) (/usr/local/texlive/2025/texmf-dist/tex/generic/pgf/utilities/pgfutil-latex.def
\pgfutil@abb=\box72
) (/usr/local/texlive/2025/texmf-dist/tex/generic/pgf/utilities/pgfrcs.code.tex (/usr/local/texlive/2025/texmf-dist/tex/generic/pgf/pgf.revision.tex)
Package: pgfrcs 2023-01-15 v3.1.10 (3.1.10)
)) (/usr/local/texlive/2025/texmf-dist/tex/latex/pgf/utilities/pgfkeys.sty (/usr/local/texlive/2025/texmf-dist/tex/generic/pgf/utilities/pgfkeys.code.tex
\pgfkeys@pathtoks=\toks46
\pgfkeys@temptoks=\toks47
 (/usr/local/texlive/2025/texmf-dist/tex/generic/pgf/utilities/pgfkeyslibraryfiltered.code.tex
\pgfkeys@tmptoks=\toks48
))) (/usr/local/texlive/2025/texmf-dist/tex/latex/pgf/math/pgfmath.sty (/usr/local/texlive/2025/texmf-dist/tex/generic/pgf/math/pgfmath.code.tex (/usr/local/texlive/2025/texmf-dist/tex/generic/pgf/math/pgfmathutil.code.tex
\pgf@x=\dimen300
\pgf@xa=\dimen301
\pgf@xb=\dimen302
\pgf@xc=\dimen303
\pgf@y=\dimen304
\pgf@ya=\dimen305
\pgf@yb=\dimen306
\pgf@yc=\dimen307
\c@pgf@counta=\count512
\c@pgf@countb=\count513
\c@pgf@countc=\count514
\c@pgf@countd=\count515
) (/usr/local/texlive/2025/texmf-dist/tex/generic/pgf/math/pgfmathparser.code.tex
\pgfmath@dimen=\dimen308
\pgfmath@count=\count516
\pgfmath@box=\box73
\pgfmath@toks=\toks49
\pgfmath@stack@operand=\toks50
\pgfmath@stack@operation=\toks51
) (/usr/local/texlive/2025/texmf-dist/tex/generic/pgf/math/pgfmathfunctions.code.tex) (/usr/local/texlive/2025/texmf-dist/tex/generic/pgf/math/pgfmathfunctions.basic.code.tex) (/usr/local/texlive/2025/texmf-dist/tex/generic/pgf/math/pgfmathfunctions.trigonometric.code.tex) (/usr/local/texlive/2025/texmf-dist/tex/generic/pgf/math/pgfmathfunctions.random.code.tex) (/usr/local/texlive/2025/texmf-dist/tex/generic/pgf/math/pgfmathfunctions.comparison.code.tex) (/usr/local/texlive/2025/texmf-dist/tex/generic/pgf/math/pgfmathfunctions.base.code.tex) (/usr/local/texlive/2025/texmf-dist/tex/generic/pgf/math/pgfmathfunctions.round.code.tex) (/usr/local/texlive/2025/texmf-dist/tex/generic/pgf/math/pgfmathfunctions.misc.code.tex) (/usr/local/texlive/2025/texmf-dist/tex/generic/pgf/math/pgfmathfunctions.integerarithmetics.code.tex) (/usr/local/texlive/2025/texmf-dist/tex/generic/pgf/math/pgfmathcalc.code.tex) (/usr/local/texlive/2025/texmf-dist/tex/generic/pgf/math/pgfmathfloat.code.tex
\c@pgfmathroundto@lastzeros=\count517
))) (/usr/local/texlive/2025/texmf-dist/tex/generic/pgf/utilities/pgffor.code.tex
Package: pgffor 2023-01-15 v3.1.10 (3.1.10)
\pgffor@iter=\dimen309
\pgffor@skip=\dimen310
\pgffor@stack=\toks52
\pgffor@toks=\toks53
)) (/usr/local/texlive/2025/texmf-dist/tex/latex/enumitem/enumitem.sty
Package: enumitem 2025/02/06 v3.11 Customized lists
\labelindent=\skip304
\enit@outerparindent=\dimen311
\enit@toks=\toks54
\enit@inbox=\box74
\enit@count@id=\count518
\enitdp@description=\count519
) (/usr/local/texlive/2025/texmf-dist/tex/latex/siunitx/siunitx.sty
Package: siunitx 2025-02-27 v3.4.6 A comprehensive (SI) units package
\l__siunitx_number_uncert_offset_int=\count520
\l__siunitx_number_exponent_fixed_int=\count521
\l__siunitx_number_min_decimal_int=\count522
\l__siunitx_number_min_integer_int=\count523
\l__siunitx_number_round_precision_int=\count524
\l__siunitx_number_lower_threshold_int=\count525
\l__siunitx_number_upper_threshold_int=\count526
\l__siunitx_number_group_first_int=\count527
\l__siunitx_number_group_size_int=\count528
\l__siunitx_number_group_minimum_int=\count529
\l__siunitx_angle_tmp_dim=\dimen312
\l__siunitx_angle_marker_box=\box75
\l__siunitx_angle_unit_box=\box76
\l__siunitx_compound_count_int=\count530
 (/usr/local/texlive/2025/texmf-dist/tex/latex/translations/translations.sty
Package: translations 2022/02/05 v1.12 internationalization of LaTeX2e packages (CN)
)
\l__siunitx_table_tmp_box=\box77
\l__siunitx_table_tmp_dim=\dimen313
\l__siunitx_table_column_width_dim=\dimen314
\l__siunitx_table_integer_box=\box78
\l__siunitx_table_decimal_box=\box79
\l__siunitx_table_uncert_box=\box80
\l__siunitx_table_before_box=\box81
\l__siunitx_table_after_box=\box82
\l__siunitx_table_before_dim=\dimen315
\l__siunitx_table_carry_dim=\dimen316
\l__siunitx_unit_tmp_int=\count531
\l__siunitx_unit_position_int=\count532
\l__siunitx_unit_total_int=\count533
) (/usr/local/texlive/2025/texmf-dist/tex/latex/comment/comment.sty
\CommentStream=\write5
 Excluding comment 'comment')
\c@theorem=\count534
 (/usr/local/texlive/2025/texmf-dist/tex/latex/tools/indentfirst.sty
Package: indentfirst 2023/07/02 v1.03 Indent first paragraph (DPC)
))
Package csquotes Info: Checking for multilingual support...
Package csquotes Info: ... found 'babel' package.
Package csquotes Info: Adjusting default style.
Package csquotes Info: Redefining alias 'default' -> 'english'.
LaTeX Font Info:    Trying to load font information for T1+CrimsonPro-OsF on input line 13.
 (/usr/local/texlive/2025/texmf-dist/tex/latex/crimsonpro/T1CrimsonPro-OsF.fd
File: T1CrimsonPro-OsF.fd 2019/10/21 (autoinst) Font definitions for T1/CrimsonPro-OsF.
)
LaTeX Font Info:    Font shape `T1/CrimsonPro-OsF/m/n' in size <12> not available
(Font)              Font shape `T1/CrimsonPro-OsF/regular/n' tried instead on input line 13.
LaTeX Font Info:    Font shape `T1/CrimsonPro-OsF/regular/n' will be
(Font)              scaled to size 12.0pt on input line 13.

No file main.aux.
\openout1 = `main.aux'.

LaTeX Font Info:    Checking defaults for OML/cmm/m/it on input line 13.
LaTeX Font Info:    ... okay on input line 13.
LaTeX Font Info:    Checking defaults for OMS/cmsy/m/n on input line 13.
LaTeX Font Info:    ... okay on input line 13.
LaTeX Font Info:    Checking defaults for OT1/cmr/m/n on input line 13.
LaTeX Font Info:    ... okay on input line 13.
LaTeX Font Info:    Checking defaults for T1/cmr/m/n on input line 13.
LaTeX Font Info:    ... okay on input line 13.
LaTeX Font Info:    Checking defaults for TS1/cmr/m/n on input line 13.
LaTeX Font Info:    ... okay on input line 13.
LaTeX Font Info:    Checking defaults for OMX/cmex/m/n on input line 13.
LaTeX Font Info:    ... okay on input line 13.
LaTeX Font Info:    Checking defaults for U/cmr/m/n on input line 13.
LaTeX Font Info:    ... okay on input line 13.
LaTeX Font Info:    Checking defaults for PD1/pdf/m/n on input line 13.
LaTeX Font Info:    ... okay on input line 13.
LaTeX Font Info:    Checking defaults for PU/pdf/m/n on input line 13.
LaTeX Font Info:    ... okay on input line 13.

******************************************************
Stock height and width: 794.96999pt by 614.295pt
Top and edge trims: 0pt and 0pt
Page height and width: 794.96999pt by 614.295pt
Text height and width: 563pt by 430pt
Spine and edge margins: 72.26999pt and 72.26999pt
Upper and lower margins: 111.76999pt and 120.2pt
Headheight and headsep: 14.5pt and 19.8738pt
Footskip: 30pt
Columnsep and columnseprule: 10pt and 0pt
Marginparsep and marginparwidth: 7pt and 58.26999pt
Sidecapsep and sidecapwidth: 7pt and 50pt
Sidebarhsep and sidebarwidth: 7pt and 50pt
Sidebarvsep and sidebartopsep: 14.5pt and 0pt
Sidebarheight: 546.64995pt
Sidefoothsep and sidefootwidth: 7pt and 50pt
Sidefootvsep and sidefootheight: 14.5pt and 546.64995pt
******************************************************

\c@mv@tabular=\count535
\c@mv@boldtabular=\count536
*geometry* driver: auto-detecting
*geometry* detected driver: pdftex
*geometry* verbose mode - [ preamble ] result:
* driver: pdftex
* paper: <default>
* layout: <same size as paper>
* layoutoffset:(h,v)=(0.0pt,0.0pt)
* modes: 
* h-part:(L,W,R)=(92.14519pt, 430.00462pt, 92.14519pt)
* v-part:(T,H,B)=(95.39737pt, 556.47656pt, 143.09605pt)
* \paperwidth=614.295pt
* \paperheight=794.96999pt
* \textwidth=430.0pt
* \textheight=563.0pt
* \oddsidemargin=0.0pt
* \evensidemargin=0.0pt
* \topmargin=5.1262pt
* \headheight=14.5pt
* \headsep=19.8738pt
* \topskip=12.0pt
* \footskip=30.0pt
* \marginparwidth=58.26999pt
* \marginparsep=7.0pt
* \columnsep=10.0pt
* \skip\footins=12.0pt plus 4.0pt minus 4.0pt
* \hoffset=0.0pt
* \voffset=0.0pt
* \mag=1000
* \@twocolumnfalse
* \@twosidefalse
* \@mparswitchfalse
* \@reversemarginfalse
* (1in=72.27pt=25.4mm, 1cm=28.453pt)

LaTeX Info: Redefining \microtypecontext on input line 13.
Package microtype Info: Applying patch `item' on input line 13.
Package microtype Info: Applying patch `toc' on input line 13.
Package microtype Info: Applying patch `eqnum' on input line 13.
Package microtype Info: Applying patch `footnote' on input line 13.
Package microtype Info: Applying patch `verbatim' on input line 13.
LaTeX Info: Redefining \microtypesetup on input line 13.
Package microtype Info: Generating PDF output.
Package microtype Info: No character protrusion.
Package microtype Info: Automatic font expansion enabled (level 2),
(microtype)             stretch: 40, shrink: 10, step: 1, non-selected.
Package microtype Info: Using default expansion set `alltext-nott'.
LaTeX Info: Redefining \showhyphens on input line 13.
Package microtype Info: Tracking enabled.
Package microtype Info: Using default tracking set `smallcaps'.
Package microtype Info: Adjustment of interword spacing enabled.
Package microtype Info: Using default spacing set `alltext-nott'.
Package microtype Info: Adjustment of character kerning enabled.
Package microtype Info: Using default kerning set `alltext'.
Package microtype Info: Redefining babel's language switching commands.
(/usr/local/texlive/2025/texmf-dist/tex/context/base/mkii/supp-pdf.mkii
[Loading MPS to PDF converter (version 2006.09.02).]
\scratchcounter=\count537
\scratchdimen=\dimen317
\scratchbox=\box83
\nofMPsegments=\count538
\nofMParguments=\count539
\everyMPshowfont=\toks55
\MPscratchCnt=\count540
\MPscratchDim=\dimen318
\MPnumerator=\count541
\makeMPintoPDFobject=\count542
\everyMPtoPDFconversion=\toks56
) (/usr/local/texlive/2025/texmf-dist/tex/latex/epstopdf-pkg/epstopdf-base.sty
Package: epstopdf-base 2020-01-24 v2.11 Base part for package epstopdf
Package epstopdf-base Info: Redefining graphics rule for `.eps' on input line 485.
 (/usr/local/texlive/2025/texmf-dist/tex/latex/latexconfig/epstopdf-sys.cfg
File: epstopdf-sys.cfg 2010/07/13 v1.3 Configuration of (r)epstopdf for TeX Live
))
Package caption Info: Begin \AtBeginDocument code.
Package caption Info: hyperref package is loaded.
Package caption Info: listings package is loaded.
Package caption Info: End \AtBeginDocument code.
\c@lstlisting=\count543
Package biblatex Info: Trying to load language 'english'...
Package biblatex Info: ... file 'english.lbx' found.
 (/usr/local/texlive/2025/texmf-dist/tex/latex/biblatex/lbx/english.lbx
File: english.lbx 2024/03/21 v3.20 biblatex localization (PK/MW)
)
Package biblatex Info: Input encoding 'utf8' detected.
Package biblatex Info: Automatic encoding selection.
(biblatex)             Assuming data encoding 'utf8'.
\openout4 = `main.bcf'.

Package biblatex Info: Trying to load bibliographic data...
Package biblatex Info: ... file 'main.bbl' found.
 (./main.bbl)
Package biblatex Info: Reference section=0 on input line 13.
Package biblatex Info: Reference segment=0 on input line 13.
Package hyperref Info: Link coloring OFF on input line 13.
\@outlinefile=\write6
\openout6 = `main.out'.



Package siunitx Warning: Detected the "physics" package:
(siunitx)                omitting definition of \qty.
(siunitx)                
(siunitx)                If you want to use \qty with the siunitx definition,
(siunitx)                add 
(siunitx)                
(siunitx)                    \AtBeginDocument{\RenewCommandCopy\qty\SI}
(siunitx)                
(siunitx)                to your preamble.

(/usr/local/texlive/2025/texmf-dist/tex/latex/translations/translations-basic-dictionary-english.trsl
File: translations-basic-dictionary-english.trsl (english translation file `translations-basic-dictionary')
)
Package translations Info: loading dictionary `translations-basic-dictionary' for `english'. on input line 13.


[1

{/usr/local/texlive/2025/texmf-var/fonts/map/pdftex/updmap/pdftex.map}{/usr/local/texlive/2025/texmf-dist/fonts/enc/dvips/crimsonpro/crp_q22ex3.enc}]

[2]
\openout2 = `abstract.aux'.

 (./abstract.tex
LaTeX Font Info:    Font shape `T1/CrimsonPro-OsF/m/it' in size <12> not available
(Font)              Font shape `T1/CrimsonPro-OsF/regular/it' tried instead on input line 4.
LaTeX Font Info:    Font shape `T1/CrimsonPro-OsF/regular/it' will be
(Font)              scaled to size 12.0pt on input line 4.



pdfTeX warning (ext4): destination with the same identifier (name{page.1}) has been already used, duplicate ignored
<to be read again> 
                   \relax 
l.21 
      [1

]


pdfTeX warning (ext4): destination with the same identifier (name{page.2}) has been already used, duplicate ignored
<to be read again> 
                   \relax 
l.25 \end{abstract}
                    [2])

[1


]
LaTeX Font Info:    Font shape `T1/CrimsonPro-OsF/m/n' in size <24.88> not available
(Font)              Font shape `T1/CrimsonPro-OsF/regular/n' tried instead on input line 66.
LaTeX Font Info:    Font shape `T1/CrimsonPro-OsF/regular/n' will be
(Font)              scaled to size 24.88pt on input line 66.
LaTeX Font Info:    Font shape `T1/CrimsonPro-OsF/b/n' in size <24.88> not available
(Font)              Font shape `T1/CrimsonPro-OsF/bold/n' tried instead on input line 66.
LaTeX Font Info:    Font shape `T1/CrimsonPro-OsF/bold/n' will be
(Font)              scaled to size 24.88pt on input line 66.

No file main.toc.


[2

]
No file main.lof.


[3

]
No file main.lot.


[4

]
\openout2 = `acknowledgements.aux'.

 (./acknowledgements.tex
LaTeX Font Info:    Font shape `T1/CrimsonPro-OsF/m/n' in size <14.4> not available
(Font)              Font shape `T1/CrimsonPro-OsF/regular/n' tried instead on input line 3.
LaTeX Font Info:    Font shape `T1/CrimsonPro-OsF/regular/n' will be
(Font)              scaled to size 14.4pt on input line 3.
LaTeX Font Info:    Font shape `T1/CrimsonPro-OsF/b/n' in size <14.4> not available
(Font)              Font shape `T1/CrimsonPro-OsF/bold/n' tried instead on input line 3.
LaTeX Font Info:    Font shape `T1/CrimsonPro-OsF/bold/n' will be
(Font)              scaled to size 14.4pt on input line 3.


[5


]) (./chapters/01-introduction.tex
LaTeX Font Info:    Font shape `T1/CrimsonPro-OsF/m/n' in size <17.28> not available
(Font)              Font shape `T1/CrimsonPro-OsF/regular/n' tried instead on input line 2.
LaTeX Font Info:    Font shape `T1/CrimsonPro-OsF/regular/n' will be
(Font)              scaled to size 17.28pt on input line 2.
LaTeX Font Info:    Font shape `T1/CrimsonPro-OsF/b/n' in size <17.28> not available
(Font)              Font shape `T1/CrimsonPro-OsF/bold/n' tried instead on input line 2.
LaTeX Font Info:    Font shape `T1/CrimsonPro-OsF/bold/n' will be
(Font)              scaled to size 17.28pt on input line 2.
 (/usr/local/texlive/2025/texmf-dist/tex/latex/microtype/mt-cmr.cfg
File: mt-cmr.cfg 2013/05/19 v2.2 microtype config. file: Computer Modern Roman (RS)
)
LaTeX Font Info:    Trying to load font information for U+msa on input line 5.
 (/usr/local/texlive/2025/texmf-dist/tex/latex/amsfonts/umsa.fd
File: umsa.fd 2013/01/14 v3.01 AMS symbols A
) (/usr/local/texlive/2025/texmf-dist/tex/latex/microtype/mt-msa.cfg
File: mt-msa.cfg 2006/02/04 v1.1 microtype config. file: AMS symbols (a) (RS)
)
LaTeX Font Info:    Trying to load font information for U+msb on input line 5.
 (/usr/local/texlive/2025/texmf-dist/tex/latex/amsfonts/umsb.fd
File: umsb.fd 2013/01/14 v3.01 AMS symbols B
) (/usr/local/texlive/2025/texmf-dist/tex/latex/microtype/mt-msb.cfg
File: mt-msb.cfg 2005/06/01 v1.0 microtype config. file: AMS symbols (b) (RS)
)
LaTeX Font Info:    Font shape `T1/CrimsonPro-OsF/b/n' in size <12> not available
(Font)              Font shape `T1/CrimsonPro-OsF/bold/n' tried instead on input line 13.
LaTeX Font Info:    Font shape `T1/CrimsonPro-OsF/bold/n' will be
(Font)              scaled to size 12.0pt on input line 13.


LaTeX Warning: Reference `fig:sm' on page 1 undefined on input line 13.


LaTeX Warning: File `figures/Standard_Model_of_Elementary_Particles.svg.png' not found on input line 17.


./chapters/01-introduction.tex:17: Package pdftex.def Error: File `figures/Standard_Model_of_Elementary_Particles.svg.png' not found: using draft setting.

See the pdftex.def package documentation for explanation.
Type  H <return>  for immediate help.
 ...                                              
                                                  
l.17 ...ard_Model_of_Elementary_Particles.svg.png}
                                                  
Try typing  <return>  to proceed.
If that doesn't work, type  X <return>  to quit.




pdfTeX warning (ext4): destination with the same identifier (name{page.1}) has been already used, duplicate ignored
<to be read again> 
                   \relax 
l.28     \item U
                p (u) and down (d), [1



]
LaTeX Font Info:    Trying to load font information for TS1+CrimsonPro-OsF on input line 28.
 (/usr/local/texlive/2025/texmf-dist/tex/latex/crimsonpro/TS1CrimsonPro-OsF.fd
File: TS1CrimsonPro-OsF.fd 2019/10/21 (autoinst) Font definitions for TS1/CrimsonPro-OsF.
)
LaTeX Font Info:    Font shape `TS1/CrimsonPro-OsF/m/n' in size <12> not available
(Font)              Font shape `TS1/CrimsonPro-OsF/regular/n' tried instead on input line 28.
LaTeX Font Info:    Font shape `TS1/CrimsonPro-OsF/regular/n' will be
(Font)              scaled to size 12.0pt on input line 28.


Package microtype Warning: I cannot find a spacing list for font
(microtype)                `TS1/CrimsonPro-OsF/regular/n/12' (context: `nonfrench'). Switching off
(microtype)                spacing for this font on input line 28.



LaTeX Font Info:    Font shape `T1/CrimsonPro-OsF/m/sl' in size <12> not available
(Font)              Font shape `T1/CrimsonPro-OsF/regular/sl' tried instead on input line 50.
LaTeX Font Info:    Font shape `T1/CrimsonPro-OsF/regular/sl' in size <12> not available
(Font)              Font shape `T1/CrimsonPro-OsF/regular/it' tried instead on input line 50.
LaTeX Font Info:    Font shape `T1/CrimsonPro-OsF/regular/it' will be
(Font)              scaled to size 12.0pt on input line 50.

pdfTeX warning (ext4): destination with the same identifier (name{page.2}) has been already used, duplicate ignored
<to be read again> 
                   \relax 
l.50     \item P
                hoton $(\gamma)$: The massless spin--1 boson mediating the e... [2{/usr/local/texlive/2025/texmf-dist/fonts/enc/dvips/cm-super/cm-super-t1.enc}{/usr/local/texlive/2025/texmf-dist/fonts/enc/dvips/crimsonpro/crp_krtxg6.enc}]

[3]

[4]
LaTeX Font Info:    Font shape `T1/CrimsonPro-OsF/m/n' in size <8> not available
(Font)              Font shape `T1/CrimsonPro-OsF/regular/n' tried instead on input line 117.
LaTeX Font Info:    Font shape `T1/CrimsonPro-OsF/regular/n' will be
(Font)              scaled to size 8.0pt on input line 117.
LaTeX Font Info:    Font shape `T1/CrimsonPro-OsF/m/n' in size <6> not available
(Font)              Font shape `T1/CrimsonPro-OsF/regular/n' tried instead on input line 117.
LaTeX Font Info:    Font shape `T1/CrimsonPro-OsF/regular/n' will be
(Font)              scaled to size 6.0pt on input line 117.


[5]

[6]

[7]

[8]) (./chapters/02-theoretical-foundations.tex

[9]

[10]

[11

]

[12]

[13]

[14]

[15]

[16]

[17]

LaTeX Warning: Reference `tab:binned_comp' on page 18 undefined on input line 290.



[18]
Overfull \hbox (1.54614pt too wide) in paragraph at lines 312--313
[]\T1/CrimsonPro-OsF/bold/n/12 (-10) Tikhonov Reg-u-lar-iza-tion[] \T1/CrimsonPro-OsF/regular/n/12 (-10) This widespread method min-i-mizes the pe-nal-ized least-squares
 []



[19]
Overfull \hbox (1.05898pt too wide) in paragraph at lines 352--357
[]\T1/CrimsonPro-OsF/bold/n/12 (-10) Subjectivity-Objectivity Trade-off[] \T1/CrimsonPro-OsF/regular/n/12 (-10) All reg-u-lar-iza-tion meth-ods in-ject sub-jec-tive choices---
 []



[20]

[21]

[22]
Overfull \hbox (13.80847pt too wide) in paragraph at lines 446--447
[]\T1/CrimsonPro-OsF/regular/n/12 (-10) OmniFold trains clas-si-fiers it-er-a-tively in an IBU--style, un-binned, expectation--maximization
 []



[23]

[24]

LaTeX Warning: Reference `tab:binned_vs_unbinned' on page 25 undefined on input line 527.



[25]

[26]

[27]

LaTeX Warning: Reference `tab:dist_metrics' on page 28 undefined on input line 618.



[28]

[29]

[30]) (./chapters/03-ml-for-unfolding.tex

[31]

[32]

[33

]

[34]
Overfull \hbox (1.29137pt too wide) in paragraph at lines 57--58
[]\T1/CrimsonPro-OsF/regular/n/12 (-10) Generative ad-ver-sar-ial net-works (GANs)[]\T1/CrimsonPro-OsF/bold/n/12 (-10) [cite --KD][]\T1/CrimsonPro-OsF/regular/n/12 (-10) , vari-a-tional au-toen-coders (VAEs)[]\T1/CrimsonPro-OsF/bold/n/12 (-10) [cite
 []



[35]

[36]

[37]

[38]

[39]

[40]

[41]

[42]

[43]

[44]

[45]

[46]

[47]

[48]

[49]

[50]

[51]

[52]

[53]
Overfull \hbox (19.03023pt too wide) in paragraph at lines 738--744
[]\T1/CrimsonPro-OsF/regular/n/12 (-10) Once trained, VAEs en-able prin-ci-pled sam-pling by first sam-ple from the prior distribution:$\OML/cmm/m/it/12 z \OMS/cmsy/m/n/12 ^^X
 []



[54]

[55]

[56]

[57]

LaTeX Warning: Reference `subsec:supervised_learning.statistical_interpretation' on page 58 undefined on input line 894.



[58]

[59]

[60]
Overfull \hbox (16.44305pt too wide) in paragraph at lines 999--1001
\T1/CrimsonPro-OsF/regular/n/12 (-10) where $\OML/cmm/m/it/12 ^^^;  $ \T1/CrimsonPro-OsF/regular/n/12 (-10) are learn-able func-tions, $\OMS/cmsy/m/n/12 N\OT1/cmr/m/n/12 (\OML/cmm/m/it/12 i\OT1/cmr/m/n/12 )$ \T1/CrimsonPro-OsF/regular/n/12 (-10) de-notes neigh-bors of node$\OML/cmm/m/it/12 i$\T1/CrimsonPro-OsF/regular/n/12 (-10) , and $[]$ is the permutation--
 []



[61]

[62]

[63]

[64]

[65]

[66]

[67]

[68]

LaTeX Warning: Reference `chap:unbinned_correlations' on page 69 undefined on input line 1317.



[69]

LaTeX Warning: Reference `chap:npu' on page 70 undefined on input line 1359.



[70]

[71]

LaTeX Warning: Reference `chap:moment-unfolding' on page 1 undefined on input line 1389.


LaTeX Warning: Reference `chap:ran' on page 72 undefined on input line 1407.



[72]

LaTeX Warning: Reference `chap:unbinned_correlations' on page 73 undefined on input line 1438.



[73]

LaTeX Warning: Reference `chap:symmetrygan' on page 74 undefined on input line 1480.



[74]

[75]) (./chapters/04-npu.tex

[76]

[77

]

LaTeX Warning: Reference `sec:ill-posed' on page 78 undefined on input line 63.


LaTeX Warning: Reference `sec:binned-methods' on page 78 undefined on input line 63.



[78]

[79]

[80]

[81]

LaTeX Font Warning: Font shape `T1/CrimsonPro-OsF/m/sc' undefined
(Font)              using `T1/CrimsonPro-OsF/m/n' instead on input line 186.

LaTeX Font Info:    Font shape `T1/CrimsonPro-OsF/m/sc' in size <12> not available
(Font)              Font shape `T1/CrimsonPro-OsF/regular/n' tried instead on input line 194.
LaTeX Font Info:    Font shape `T1/CrimsonPro-OsF/regular/n' will be
(Font)              scaled to size 12.0pt on input line 194.


[82]

[83]

[84]

[85]

[86]

[87]

[88]

[89]) (./chapters/05-moment-unfolding.tex

[90]

[91

]

[92]

[93]

[94]

[95]

[96]

[97]

[98]

[99]

[100]

LaTeX Warning: Reference `eq:moment-generator' on page 101 undefined on input line 338.


LaTeX Warning: Reference `eq:pt-moment-gen' on page 101 undefined on input line 347.



[101]

[102]

LaTeX Warning: Reference `tab:moment-unfolding-hyperparams' on page 103 undefined on input line 423.


Underfull \hbox (badness 2951) in paragraph at lines 440--441
[]|\T1/CrimsonPro-OsF/regular/n/12 (+40) Number of full passes through the train-ing
 []



[103]

[104]

[105]

[106]

[107]

LaTeX Warning: Reference `tab:inclusive-moments' on page 108 undefined on input line 616.



[108]

[109]
LaTeX Font Info:    Font shape `T1/CrimsonPro-OsF/m/n' in size <10> not available
(Font)              Font shape `T1/CrimsonPro-OsF/regular/n' tried instead on input line 658.
LaTeX Font Info:    Font shape `T1/CrimsonPro-OsF/regular/n' will be
(Font)              scaled to size 10.0pt on input line 658.
LaTeX Font Info:    Font shape `T1/CrimsonPro-OsF/m/n' in size <7> not available
(Font)              Font shape `T1/CrimsonPro-OsF/regular/n' tried instead on input line 658.
LaTeX Font Info:    Font shape `T1/CrimsonPro-OsF/regular/n' will be
(Font)              scaled to size 7.0pt on input line 658.


[110]

[111]

LaTeX Warning: Reference `subsec:jet-moments' on page 112 undefined on input line 751.



[112]) (./chapters/06-ran.tex

[113]

[114

]

[115]

LaTeX Warning: Reference `tab:meas_compare' on page 116 undefined on input line 87.



[116]

[117]

[118]

[119]

[120]

[121]

LaTeX Warning: Reference `tab:unfold_methods' on page 122 undefined on input line 341.



[122]

LaTeX Warning: Reference `chap:moment-unfolding' on page 123 undefined on input line 380.



[123]

LaTeX Warning: Reference `subsubsec:GANs' on page 124 undefined on input line 424.



[124]
LaTeX Font Info:    Font shape `T1/CrimsonPro-OsF/b/n' in size <10> not available
(Font)              Font shape `T1/CrimsonPro-OsF/bold/n' tried instead on input line 478.
LaTeX Font Info:    Font shape `T1/CrimsonPro-OsF/bold/n' will be
(Font)              scaled to size 10.0pt on input line 478.


[125]

LaTeX Warning: Reference `sec:need-for-density-unfolding' on page 126 undefined on input line 489.


LaTeX Warning: Reference `chap:moment-unfolding' on page 126 undefined on input line 499.


Overfull \hbox (0.1774pt too wide) in paragraph at lines 489--500
[]\T1/CrimsonPro-OsF/regular/n/12 (-10) In Sec. [] we dis-cussed the mo-ti-va-tion for un-fold-ing com-plete dif-fer-en-tial cross sections---
 []



[126]

[127]

LaTeX Warning: Reference `chap:theoretical-foundations' on page 1 undefined on input line 571.


Overfull \hbox (0.19429pt too wide) in paragraph at lines 567--581
\T1/CrimsonPro-OsF/regular/n/12 (-10) ance.[]\T1/CrimsonPro-OsF/bold/n/12 (-10) [https://www.ippp.dur.ac.uk/Workshops/02/statistics/proceedings/cowan.pdf --
 []



[128]

[129]

[130]

[131]

LaTeX Warning: Reference `eq:moment-reweight' on page 132 undefined on input line 737.



[132]

[133]

LaTeX Warning: Reference `eq:moment-reweight' on page 134 undefined on input line 779.



[134]

[135]

[136]

[137]

[138]

LaTeX Warning: Reference `eq:ran_wgan_loss' on page 139 undefined on input line 977.


Overfull \hbox (7.32234pt too wide) in paragraph at lines 983--984
\T1/CrimsonPro-OsF/regular/n/12 (-10) At equi-lib-rium, the weighted sim-u-la-tion can-not be dis-tin-guished from data by any $\OT1/cmr/m/n/12 1\OMS/cmsy/m/n/12 ^^@$\T1/CrimsonPro-OsF/regular/n/12 (-10) Lipschitz
 []



[139]

LaTeX Warning: Reference `eq:ran_wgan_loss' on page 140 undefined on input line 1015.



[140]

[141]

[142]

[143]
LaTeX Font Info:    Font shape `T1/CrimsonPro-OsF/m/sc' in size <10> not available
(Font)              Font shape `T1/CrimsonPro-OsF/regular/n' tried instead on input line 1152.
LaTeX Font Info:    Font shape `T1/CrimsonPro-OsF/regular/n' will be
(Font)              scaled to size 10.0pt on input line 1152.


LaTeX Warning: Reference `fig:model-arch' on page 144 undefined on input line 1198.



[144]

[145]

LaTeX Warning: Reference `alg:wgan-gp' on page 146 undefined on input line 1244.



[146]

[147]

[148]

[149]

[150]

LaTeX Warning: Reference `tab:comp_wass' on page 151 undefined on input line 1454.


LaTeX Warning: Reference `tab:comp_vlc' on page 151 undefined on input line 1454.


LaTeX Warning: Reference `sec:results' on page 151 undefined on input line 1454.



[151]

[152]

[153]

LaTeX Warning: Reference `subsec:arch' on page 154 undefined on input line 1553.


LaTeX Warning: Reference `subsec:mlimplement' on page 154 undefined on input line 1553.



[154]

[155]

[156]) (./chapters/07-unbinned-inference.tex

[157]

[158]

LaTeX Warning: Reference `sec:binned-methods' on page 159 undefined on input line 3.


LaTeX Warning: Reference `chap:npu' on page 159 undefined on input line 3.


LaTeX Warning: Reference `chap:moment-unfolding' on page 159 undefined on input line 3.


LaTeX Warning: Reference `eq:loglik-sum' on page 1 undefined on input line 10.



[159

]
Overfull \hbox (6.31557pt too wide) in paragraph at lines 58--61
\T1/CrimsonPro-OsF/regular/n/12 (-10) events fac-tor-izes into a prod-uct of single--event den-si-ties. For a given dataset $\OMS/cmsy/m/n/12 f\OML/cmm/m/it/12 x[]; x[]; [] ; x[]\OMS/cmsy/m/n/12 g$\T1/CrimsonPro-OsF/regular/n/12 (-10) ,
 []



[160]

LaTeX Warning: Reference `eq:loglik-sum' on page 161 undefined on input line 82.


LaTeX Warning: Reference `eq:loglik-sum' on page 161 undefined on input line 107.



[161]

[162]

[163]

[164]

[165]

LaTeX Warning: Reference `eq:loglik-sum' on page 166 undefined on input line 248.


LaTeX Warning: Reference `eq:loglik-sum' on page 166 undefined on input line 250.



[166]

LaTeX Warning: Reference `sec:violation-of-statistical-independence' on page 167 undefined on input line 258.


LaTeX Warning: Reference `eq:loglik-sum' on page 167 undefined on input line 309.



[167]

LaTeX Warning: Reference `tab:correlations' on page 168 undefined on input line 324.


LaTeX Warning: Reference `eq:chi2cov' on page 168 undefined on input line 326.



[168]

LaTeX Warning: Reference `' on page 169 undefined on input line 395.



[169]

LaTeX Warning: Reference `' on page 170 undefined on input line 417.



[170]

LaTeX Warning: Reference `eq:loglik-sum' on page 171 undefined on input line 439.


LaTeX Warning: Reference `' on page 171 undefined on input line 443.


LaTeX Warning: Reference `eq:chi2cov' on page 171 undefined on input line 447.


LaTeX Warning: Reference `eq:loglik-sum' on page 171 undefined on input line 449.



[171]

LaTeX Warning: Reference `eq:loglik-sum' on page 172 undefined on input line 479.



[172]
Overfull \hbox (23.99998pt too wide) in paragraph at lines 511--534
 [][] 
 []


LaTeX Warning: Reference `sec:impact' on page 1 undefined on input line 545.


LaTeX Warning: Reference `sec:violation-of-statistical-independence' on page 1 undefined on input line 545.


LaTeX Warning: Reference `sec:independence-assumptions' on page 1 undefined on input line 545.



[173]

LaTeX Warning: Reference `sec:independence-assumptions' on page 1 undefined on input line 553.



[174]

[175]

LaTeX Warning: Reference `sec:impact' on page 1 undefined on input line 642.


LaTeX Warning: Reference `sec:violation-of-statistical-independence' on page 1 undefined on input line 642.



[176]

LaTeX Warning: Reference `chap:moment-unfolding' on page 1 undefined on input line 675.



[177]

[178]

[179]

LaTeX Warning: Reference `sec:impact' on page 1 undefined on input line 824.



[180]

LaTeX Warning: Reference `subsec:bartlett-corrections' on page 1 undefined on input line 842.



[181]

[182]

LaTeX Warning: Reference `chap:ran' on page 1 undefined on input line 929.



[183]

[184]

LaTeX Warning: Reference `fig:distributions-1d' on page 185 undefined on input line 1025.



[185]

[186]

LaTeX Warning: File `figures/distributions-1d-with-resolution.pdf' not found on input line 1071.


./chapters/07-unbinned-inference.tex:1071: Package pdftex.def Error: File `figures/distributions-1d-with-resolution.pdf' not found: using draft setting.

See the pdftex.def package documentation for explanation.
Type  H <return>  for immediate help.
 ...                                              
                                                  
l.1071 ...es/distributions-1d-with-resolution.pdf}
                                                  
Try typing  <return>  to proceed.
If that doesn't work, type  X <return>  to quit.


LaTeX Warning: Reference `fig:mu_mean_values_with_errorbars' on page 187 undefined on input line 1087.


LaTeX Warning: Reference `fig:var_mean_values_with_errorbars' on page 187 undefined on input line 1087.


LaTeX Warning: Reference `fig:uncertsfullybinned' on page 187 undefined on input line 1089.


LaTeX Warning: Reference `fig:mu_mean_values_with_errorbars' on page 187 undefined on input line 1095.


LaTeX Warning: Reference `fig:var_mean_values_with_errorbars' on page 187 undefined on input line 1095.


LaTeX Warning: Reference `fig:uncertsfullybinned' on page 187 undefined on input line 1105.



[187]

[188]

LaTeX Warning: Reference `fig:uncertsfullybinned' on page 189 undefined on input line 1121.


LaTeX Warning: File `figures/mu_error_plot_with_errorbars_ratio.pdf' not found on input line 1140.


./chapters/07-unbinned-inference.tex:1140: Package pdftex.def Error: File `figures/mu_error_plot_with_errorbars_ratio.pdf' not found: using draft setting.

See the pdftex.def package documentation for explanation.
Type  H <return>  for immediate help.
 ...                                              
                                                  
l.1140 ...label{fig:mu_error_plot_with_errorbars}}
                                                  \quad
Try typing  <return>  to proceed.
If that doesn't work, type  X <return>  to quit.

LaTeX Font Info:    Font shape `T1/CrimsonPro-OsF/m/n' in size <10.95> not available
(Font)              Font shape `T1/CrimsonPro-OsF/regular/n' tried instead on input line 1140.
LaTeX Font Info:    Font shape `T1/CrimsonPro-OsF/regular/n' will be
(Font)              scaled to size 10.95pt on input line 1140.

LaTeX Warning: File `figures/var_error_plot_with_errorbars_ratio.pdf' not found on input line 1142.


./chapters/07-unbinned-inference.tex:1142: Package pdftex.def Error: File `figures/var_error_plot_with_errorbars_ratio.pdf' not found: using draft setting.

See the pdftex.def package documentation for explanation.
Type  H <return>  for immediate help.
 ...                                              
                                                  
l.1142 ...abel{fig:var_error_plot_with_errorbars}}
                                                  
Try typing  <return>  to proceed.
If that doesn't work, type  X <return>  to quit.


LaTeX Warning: File `figures/mu_mean_values_with_errorbars_ratio.pdf' not found on input line 1155.


./chapters/07-unbinned-inference.tex:1155: Package pdftex.def Error: File `figures/mu_mean_values_with_errorbars_ratio.pdf' not found: using draft setting.

See the pdftex.def package documentation for explanation.
Type  H <return>  for immediate help.
 ...                                              
                                                  
l.1155 ...abel{fig:mu_mean_values_with_errorbars}}
                                                  \quad
Try typing  <return>  to proceed.
If that doesn't work, type  X <return>  to quit.


LaTeX Warning: File `figures/var_mean_values_with_errorbars_ratio.pdf' not found on input line 1157.


./chapters/07-unbinned-inference.tex:1157: Package pdftex.def Error: File `figures/var_mean_values_with_errorbars_ratio.pdf' not found: using draft setting.

See the pdftex.def package documentation for explanation.
Type  H <return>  for immediate help.
 ...                                              
                                                  
l.1157 ...bel{fig:var_mean_values_with_errorbars}}
                                                  
Try typing  <return>  to proceed.
If that doesn't work, type  X <return>  to quit.



[189]

LaTeX Warning: Reference `fig:weight-corr' on page 1 undefined on input line 1189.


LaTeX Warning: Reference `fig:hist-cov' on page 1 undefined on input line 1189.


LaTeX Warning: Reference `subsec:unbinned_data' on page 1 undefined on input line 1189.


LaTeX Warning: Reference `fig:weight-corr' on page 1 undefined on input line 1198.



[190]

LaTeX Warning: Reference `fig:weight-corr' on page 1 undefined on input line 1206.



[191]
Overfull \hbox (7.17447pt too wide) in paragraph at lines 1220--1221
\T1/CrimsonPro-OsF/regular/n/12 (-10) fi-nite ``re-cep-tive field, []\T1/CrimsonPro-OsF/bold/n/12 (-10) [cite:Minderer2021SmoothNN,WeightConditioning2024
 []



[192]

LaTeX Warning: Reference `fig:weight-histogram-covariance-1d' on page 1 undefined on input line 1288.



[193]

LaTeX Warning: Reference `subsec:setup' on page 1 undefined on input line 1320.


Overfull \hbox (73.23343pt too wide) in paragraph at lines 1320--1329
\T1/CrimsonPro-OsF/regular/n/12 (-10) in []. Un-fold-ing is per-formed with the Om-ni-Fold al-go-rithm[]\T1/CrimsonPro-OsF/bold/n/12 (-10) [cite:Andreassen:2019cjw,Andreassen:2021zzk
 []


LaTeX Warning: Reference `fig:uncertainty-and-bias-vs-resolution' on page 1 undefined on input line 1334.


LaTeX Warning: Reference `fig:uncertainty-and-bias-vs-resolution' on page 1 undefined on input line 1346.


LaTeX Warning: Reference `fig:mu_mean_values_with_errorbars' on page 1 undefined on input line 1346.



[194]

LaTeX Warning: Reference `fig:uncertainty-and-bias-vs-resolution' on page 1 undefined on input line 1354.


LaTeX Warning: Reference `fig:uncertsfullybinned' on page 1 undefined on input line 1362.


LaTeX Warning: Reference `fig:uncertsfullybinned' on page 1 undefined on input line 1366.


LaTeX Warning: Reference `fig:uncertainty-and-bias-vs-resolution' on page 1 undefined on input line 1372.


LaTeX Warning: Reference `fig:uncertainty-and-bias-vs-resolution' on page 1 undefined on input line 1374.



[195]

LaTeX Warning: Reference `fig:uncertainty-and-bias-vs-resolution' on page 1 undefined on input line 1406.


LaTeX Warning: Reference `fig:uncertainty-and-bias-vs-resolution' on page 1 undefined on input line 1426.



[196]

LaTeX Warning: Reference `subsec:unbinned_data' on page 1 undefined on input line 1447.


LaTeX Warning: Reference `subsec:weight_correlations' on page 1 undefined on input line 1447.


LaTeX Warning: Reference `tab:highD-params' on page 1 undefined on input line 1454.

LaTeX Font Info:    Font shape `T1/CrimsonPro-OsF/m/n' in size <9> not available
(Font)              Font shape `T1/CrimsonPro-OsF/regular/n' tried instead on input line 1469.
LaTeX Font Info:    Font shape `T1/CrimsonPro-OsF/regular/n' will be
(Font)              scaled to size 9.0pt on input line 1469.
LaTeX Font Info:    Font shape `T1/CrimsonPro-OsF/b/n' in size <9> not available
(Font)              Font shape `T1/CrimsonPro-OsF/bold/n' tried instead on input line 1472.
LaTeX Font Info:    Font shape `T1/CrimsonPro-OsF/bold/n' will be
(Font)              scaled to size 9.0pt on input line 1472.
LaTeX Font Info:    Font shape `T1/CrimsonPro-OsF/m/n' in size <5> not available
(Font)              Font shape `T1/CrimsonPro-OsF/regular/n' tried instead on input line 1472.
LaTeX Font Info:    Font shape `T1/CrimsonPro-OsF/regular/n' will be
(Font)              scaled to size 5.0pt on input line 1472.

LaTeX Warning: Reference `fig:rms-asy-dim' on page 1 undefined on input line 1523.



[197]

[198]

LaTeX Warning: Reference `fig:rms-asy-6D-res' on page 1 undefined on input line 1533.


LaTeX Warning: Reference `tab:highD-params' on page 1 undefined on input line 1533.


LaTeX Warning: File `figures/RMS_vs_Asy_AllDims.pdf' not found on input line 1554.


./chapters/07-unbinned-inference.tex:1554: Package pdftex.def Error: File `figures/RMS_vs_Asy_AllDims.pdf' not found: using draft setting.

See the pdftex.def package documentation for explanation.
Type  H <return>  for immediate help.
 ...                                              
                                                  
l.1554 ...newidth]{figures/RMS_vs_Asy_AllDims.pdf}
                                                  
Try typing  <return>  to proceed.
If that doesn't work, type  X <return>  to quit.


Overfull \hbox (151.49434pt too wide) in paragraph at lines 1545--1561
\T1/CrimsonPro-OsF/regular/n/12 (-10) binned like-li-hood[]\T1/CrimsonPro-OsF/bold/n/12 (-10) [https://indico.cern.ch/event/671301/contributions/2745801/attachments/1557488/2449991/171113-
 []


LaTeX Warning: File `figures/RMS_vs_Asy_6D_SmearingScan.pdf' not found on input line 1564.


./chapters/07-unbinned-inference.tex:1564: Package pdftex.def Error: File `figures/RMS_vs_Asy_6D_SmearingScan.pdf' not found: using draft setting.

See the pdftex.def package documentation for explanation.
Type  H <return>  for immediate help.
 ...                                              
                                                  
l.1564 ...{figures/RMS_vs_Asy_6D_SmearingScan.pdf}
                                                  
Try typing  <return>  to proceed.
If that doesn't work, type  X <return>  to quit.


LaTeX Warning: Reference `fig:rms-asy-dim' on page 199 undefined on input line 1571.


LaTeX Warning: Reference `fig:rms-asy-dim' on page 199 undefined on input line 1571.



[199]

[200]

[201]

[202]

[203]) (./chapters/08-profiling.tex

[204]) (./chapters/09-symmetrygan.tex

[205

]

[206

]

LaTeX Warning: Reference `chap:ml-for-unfolding' on page 1 undefined on input line 41.


LaTeX Warning: Reference `tab:unfolding_vs_symmetry' on page 1 undefined on input line 57.



[207]
Underfull \hbox (badness 10000) in paragraph at lines 80--80
[]|\T1/CrimsonPro-OsF/regular/n/12 (+40) Measured data and de-tec-tor re-
 []


Overfull \hbox (5.39761pt too wide) in paragraph at lines 86--86
[]|\T1/CrimsonPro-OsF/bold/n/12 (-10) Relation--
 []


Underfull \hbox (badness 2368) in paragraph at lines 86--86
\T1/CrimsonPro-OsF/regular/n/12 (+40) sym-me-tries should man-i-fest, en-
 []



[208]

[209]

LaTeX Warning: Reference `chap:theoretical-foundations' on page 1 undefined on input line 152.


LaTeX Warning: Reference `chap:ml-for-unfolding' on page 1 undefined on input line 156.


LaTeX Warning: Reference `chap:ran' on page 1 undefined on input line 158.


LaTeX Warning: Reference `chap:moment-unfolding' on page 1 undefined on input line 158.


LaTeX Warning: Reference `chap:npu' on page 1 undefined on input line 158.


LaTeX Warning: Reference `sec:formalism-and-role' on page 1 undefined on input line 168.


LaTeX Warning: Reference `1' on page 1 undefined on input line 172.


LaTeX Warning: Reference `1' on page 1 undefined on input line 174.


LaTeX Warning: Reference `1' on page 1 undefined on input line 176.


LaTeX Warning: Reference `1' on page 1 undefined on input line 178.



[210]

LaTeX Warning: Reference `subsec:hep-symmetries' on page 1 undefined on input line 213.


LaTeX Warning: Reference `subsec:detector-symmetries' on page 1 undefined on input line 215.


LaTeX Warning: Reference `subsec:cross-section-symmetries' on page 1 undefined on input line 217.


LaTeX Warning: Reference `subsec:noisy-symmetries' on page 1 undefined on input line 219.



[211]

[212]

LaTeX Warning: Reference `tab:fundSymSummary' on page 1 undefined on input line 291.


Overfull \hbox (0.71445pt too wide) in paragraph at lines 303--303
[]|\T1/CrimsonPro-OsF/bold/n/12 (-10) Symmetry| 
 []


Underfull \hbox (badness 10000) in paragraph at lines 307--308
[]|\T1/CrimsonPro-OsF/bold/n/12 (+40) Status in
 []


Underfull \hbox (badness 6493) in paragraph at lines 313--314
[]|\T1/CrimsonPro-OsF/regular/n/12 (+40) Exact []\T1/CrimsonPro-OsF/bold/n/12 (+40) [cite
 []


Underfull \hbox (badness 10000) in paragraph at lines 314--314
[]|\T1/CrimsonPro-OsF/bold/n/12 (+40) Trans-
 []


Underfull \hbox (badness 6493) in paragraph at lines 318--319
[]|\T1/CrimsonPro-OsF/regular/n/12 (+40) Exact []\T1/CrimsonPro-OsF/bold/n/12 (+40) [cite
 []


Underfull \hbox (badness 10000) in paragraph at lines 323--324
[]|\T1/CrimsonPro-OsF/regular/n/12 (+40) Exact lo-
 []


Underfull \hbox (badness 10000) in paragraph at lines 323--324
\T1/CrimsonPro-OsF/regular/n/12 (+40) cally []\T1/CrimsonPro-OsF/bold/n/12 (+40) [cite
 []


Underfull \hbox (badness 10000) in paragraph at lines 324--324
[]|\T1/CrimsonPro-OsF/bold/n/12 (+40) Electro-
 []


Underfull \hbox (badness 10000) in paragraph at lines 324--324
\T1/CrimsonPro-OsF/bold/n/12 (+40) weak
 []


Underfull \hbox (badness 10000) in paragraph at lines 333--334
[]|\T1/CrimsonPro-OsF/regular/n/12 (+40) Conserved
 []


Underfull \hbox (badness 10000) in paragraph at lines 333--334
\T1/CrimsonPro-OsF/regular/n/12 (+40) vi-o-lated in
 []


Underfull \hbox (badness 10000) in paragraph at lines 333--334
\T1/CrimsonPro-OsF/regular/n/12 (+40) weak []\T1/CrimsonPro-OsF/bold/n/12 (+40) [cite
 []


Underfull \hbox (badness 5756) in paragraph at lines 337--337
[]|\T1/CrimsonPro-OsF/regular/n/12 (+40) lepton asym-me-
 []


Underfull \hbox (badness 10000) in paragraph at lines 338--339
[]|\T1/CrimsonPro-OsF/regular/n/12 (+40) Conserved
 []


Underfull \hbox (badness 10000) in paragraph at lines 338--339
\T1/CrimsonPro-OsF/regular/n/12 (+40) max-i-mally
 []


Underfull \hbox (badness 10000) in paragraph at lines 338--339
\T1/CrimsonPro-OsF/regular/n/12 (+40) vi-o-lated in
 []


Underfull \hbox (badness 10000) in paragraph at lines 338--339
\T1/CrimsonPro-OsF/regular/n/12 (+40) weak []\T1/CrimsonPro-OsF/bold/n/12 (+40) [cite
 []


Underfull \hbox (badness 7576) in paragraph at lines 341--341
[]|$\OML/cmm/m/it/12 B$\T1/CrimsonPro-OsF/regular/n/12 (+40) -meson asym-
 []


Underfull \hbox (badness 10000) in paragraph at lines 341--341
\T1/CrimsonPro-OsF/regular/n/12 (+40) me-try; elec-tric
 []


Underfull \hbox (badness 10000) in paragraph at lines 342--343
[]|\T1/CrimsonPro-OsF/regular/n/12 (+40) Approx.
 []


Underfull \hbox (badness 10000) in paragraph at lines 342--343
\T1/CrimsonPro-OsF/regular/n/12 (+40) bro-ken
 []


Underfull \hbox (badness 10000) in paragraph at lines 346--346
[]|\T1/CrimsonPro-OsF/regular/n/12 (+40) EDM searches;
 []


Underfull \hbox (badness 10000) in paragraph at lines 346--346
\T1/CrimsonPro-OsF/regular/n/12 (+40) K me-son $\OML/cmm/m/it/12 T$\T1/CrimsonPro-OsF/regular/n/12 (+40) -
 []


Underfull \hbox (badness 10000) in paragraph at lines 347--348
[]|\T1/CrimsonPro-OsF/regular/n/12 (+40) Broken if
 []


Underfull \hbox (badness 10000) in paragraph at lines 347--348
\T1/CrimsonPro-OsF/regular/n/12 (+40) CP bro-ken
 []


Underfull \hbox (badness 6493) in paragraph at lines 352--353
[]|\T1/CrimsonPro-OsF/regular/n/12 (+40) Exact []\T1/CrimsonPro-OsF/bold/n/12 (+40) [cite
 []


Overfull \hbox (12.67413pt too wide) in paragraph at lines 353--353
[]|\T1/CrimsonPro-OsF/bold/n/12 (-10) Permutation| 
 []


Underfull \hbox (badness 6493) in paragraph at lines 357--358
[]|\T1/CrimsonPro-OsF/regular/n/12 (+40) Exact []\T1/CrimsonPro-OsF/bold/n/12 (+40) [cite
 []


Overfull \hbox (5.5907pt too wide) in paragraph at lines 301--360
 [][] 
 []


LaTeX Warning: Float too large for page by 37.5672pt on input line 360.



[213]

[214]

[215]

[216]

[217]

[218]

LaTeX Warning: Reference `tab:detectorSym' on page 1 undefined on input line 552.


Underfull \hbox (badness 4242) in paragraph at lines 609--609
\T1/CrimsonPro-OsF/regular/n/10.95 (+40) boost-invariant. Boost pushes
 []


Underfull \hbox (badness 2261) in paragraph at lines 609--609
\T1/CrimsonPro-OsF/regular/n/10.95 (+40) more par-ti-cles into for-ward re-
 []


Underfull \hbox (badness 2662) in paragraph at lines 609--609
[]|\T1/CrimsonPro-OsF/regular/n/10.95 (+40) Detector not mirror--symmetric.
 []


Underfull \hbox (badness 2080) in paragraph at lines 609--609
\T1/CrimsonPro-OsF/regular/n/10.95 (+40) backward asym-me-tries in mea-
 []


Underfull \hbox (badness 3240) in paragraph at lines 609--609
[]|\T1/CrimsonPro-OsF/regular/n/10.95 (+40) Charge asym-met-ric re-sponse is
 []


Underfull \hbox (badness 10000) in paragraph at lines 609--609
[]|\T1/CrimsonPro-OsF/regular/n/10.95 (+40) Complete sym-me-try un-der ex-
 []


Underfull \hbox (badness 10000) in paragraph at lines 609--609
\T1/CrimsonPro-OsF/regular/n/10.95 (+40) change; the joint dis-tri-bu-tion
 []


Underfull \hbox (badness 10000) in paragraph at lines 609--609
\OML/cmm/m/it/10.95 P\OT1/cmr/m/n/10.95 (\OML/cmm/m/it/10.95 z[]; z[]\OT1/cmr/m/n/10.95 )$ \T1/CrimsonPro-OsF/regular/n/10.95 (+40) is in-vari-ant if two
 []


Underfull \hbox (badness 2409) in paragraph at lines 609--609
\T1/CrimsonPro-OsF/regular/n/10.95 (+40) iden-ti-cal par-ti-cles' mo-menta or
 []


Underfull \hbox (badness 2512) in paragraph at lines 609--609
\T1/CrimsonPro-OsF/regular/n/10.95 (+40) ing than the op-po-site ar-range-
 []



[219]

[220]

[221]

[222]

[223]

[224]

[225]

[226]

./chapters/09-symmetrygan.tex:867: LaTeX Error: Unicode character  (U+03A9)
               not set up for use with LaTeX.

See the LaTeX manual or LaTeX Companion for explanation.
Type  H <return>  for immediate help.
 ...                                              
                                                  
l.867 ...oup \(G\) acts on a probability space (
                                                  , F, ) through measurabl...
You may provide a definition with
\DeclareUnicodeCharacter 


./chapters/09-symmetrygan.tex:867: LaTeX Error: Unicode character  (U+03BC)
               not set up for use with LaTeX.

See the LaTeX manual or LaTeX Companion for explanation.
Type  H <return>  for immediate help.
 ...                                              
                                                  
l.867 ...\) acts on a probability space (, F, 
                                                  ) through measurable maps ...
You may provide a definition with
\DeclareUnicodeCharacter 


./chapters/09-symmetrygan.tex:867: LaTeX Error: Unicode character  (U+03C3)
               not set up for use with LaTeX.

See the LaTeX manual or LaTeX Companion for explanation.
Type  H <return>  for immediate help.
 ...                                              
                                                  
l.867 ...ough measurable maps that preserve the 
                                                  -algebra structure. Scienc...
You may provide a definition with
\DeclareUnicodeCharacter 


./chapters/09-symmetrygan.tex:870: LaTeX Error: Unicode character  (U+2081)
               not set up for use with LaTeX.

See the LaTeX manual or LaTeX Companion for explanation.
Type  H <return>  for immediate help.
 ...                                              
                                                  
l.870 ...icative property of Jacobians, det(D(g
                                                    g)(x)) = det(Dg...
You may provide a definition with
\DeclareUnicodeCharacter 


./chapters/09-symmetrygan.tex:870: LaTeX Error: Unicode character  (U+2218)
               not set up for use with LaTeX.

See the LaTeX manual or LaTeX Companion for explanation.
Type  H <return>  for immediate help.
 ...                                              
                                                  
l.870 ...ive property of Jacobians, det(D(g 
                                                   g)(x)) = det(Dg(g...
You may provide a definition with
\DeclareUnicodeCharacter 


./chapters/09-symmetrygan.tex:870: LaTeX Error: Unicode character  (U+2082)
               not set up for use with LaTeX.

See the LaTeX manual or LaTeX Companion for explanation.
Type  H <return>  for immediate help.
 ...                                              
                                                  
l.870 ...roperty of Jacobians, det(D(g  g
                                                  )(x)) = det(Dg(g(x))...
You may provide a definition with
\DeclareUnicodeCharacter 


./chapters/09-symmetrygan.tex:870: LaTeX Error: Unicode character  (U+2081)
               not set up for use with LaTeX.

See the LaTeX manual or LaTeX Companion for explanation.
Type  H <return>  for immediate help.
 ...                                              
                                                  
l.870 ...ans, det(D(g  g)(x)) = det(Dg
                                                  (g(x)))  det(Dg(x)...
You may provide a definition with
\DeclareUnicodeCharacter 


./chapters/09-symmetrygan.tex:870: LaTeX Error: Unicode character  (U+2082)
               not set up for use with LaTeX.

See the LaTeX manual or LaTeX Companion for explanation.
Type  H <return>  for immediate help.
 ...                                              
                                                  
l.870 ...det(D(g  g)(x)) = det(Dg(g
                                                  (x)))  det(Dg(x)), en...
You may provide a definition with
\DeclareUnicodeCharacter 


./chapters/09-symmetrygan.tex:870: LaTeX Error: Unicode character  (U+2082)
               not set up for use with LaTeX.

See the LaTeX manual or LaTeX Companion for explanation.
Type  H <return>  for immediate help.
 ...                                              
                                                  
l.870 ...)(x)) = det(Dg(g(x)))  det(Dg
                                                  (x)), ensures that group c...
You may provide a definition with
\DeclareUnicodeCharacter 


./chapters/09-symmetrygan.tex:870: LaTeX Error: Unicode character  (U+207B)
               not set up for use with LaTeX.

See the LaTeX manual or LaTeX Companion for explanation.
Type  H <return>  for immediate help.
 ...                                              
                                                  
l.870 ...s. For inverse transformations, det(Dg
                                                  (g(x))) = 1/det(Dg(x)), ...
You may provide a definition with
\DeclareUnicodeCharacter 

) (./chapters/10-comparative-analysis.tex

[227]

[228]

[229]) (./chapters/11-conclusions.tex

[230

])

LaTeX Warning: Empty bibliography on input line 103.

(./appendices/A-math-proofs.tex

[231

]) (./appendices/B-implementation.tex

[232

]) (./appendices/C-supplementary-results.tex

[233

])

[234

]
\tf@toc=\write7
\openout7 = `main.toc'.

\tf@lof=\write8
\openout8 = `main.lof'.

\tf@lot=\write9
\openout9 = `main.lot'.

 (./main.aux (./abstract.aux) (./acknowledgements.aux))
 ***********
LaTeX2e <2024-11-01> patch level 2
L3 programming layer <2020/03/25>
 ***********


LaTeX Font Warning: Some font shapes were not available, defaults substituted.


LaTeX Warning: There were undefined references.


LaTeX Warning: Label(s) may have changed. Rerun to get cross-references right.


Package rerunfilecheck Warning: File `main.out' has changed.
(rerunfilecheck)                Rerun to get outlines right
(rerunfilecheck)                or use package `bookmark'.

Package rerunfilecheck Info: Checksums for `main.out':
(rerunfilecheck)             Before: <no file>
(rerunfilecheck)             After:  B3BAFBE08620516CD0EE8047EF87E3A7;16199.

Package biblatex Warning: Please (re)run Biber on the file:
(biblatex)                main
(biblatex)                and rerun LaTeX afterwards.

Package logreq Info: Writing requests to 'main.run.xml'.
\openout1 = `main.run.xml'.

 ) 
Here is how much of TeX's memory you used:
 44355 strings out of 473190
 858111 string characters out of 5715801
 1670322 words of memory out of 5000000
 65544 multiletter control sequences out of 15000+600000
 985519 words of font info for 540 fonts, out of 8000000 for 9000
 1141 hyphenation exceptions out of 8191
 99i,18n,134p,2708b,1985s stack positions out of 10000i,1000n,20000p,200000b,200000s
</usr/local/texlive/2025/texmf-dist/fonts/type1/public/crimsonpro/CrimsonPro-Bold.pfb></usr/local/texlive/2025/texmf-dist/fonts/type1/public/crimsonpro/CrimsonPro-Italic.pfb></usr/local/texlive/2025/texmf-dist/fonts/type1/public/crimsonpro/CrimsonPro-Regular.pfb></usr/local/texlive/2025/texmf-dist/fonts/type1/public/amsfonts/cm/cmbx12.pfb></usr/local/texlive/2025/texmf-dist/fonts/type1/public/amsfonts/cm/cmbx8.pfb></usr/local/texlive/2025/texmf-dist/fonts/type1/public/amsfonts/cm/cmex10.pfb></usr/local/texlive/2025/texmf-dist/fonts/type1/public/amsfonts/cmextra/cmex8.pfb></usr/local/texlive/2025/texmf-dist/fonts/type1/public/amsfonts/cmextra/cmex9.pfb></usr/local/texlive/2025/texmf-dist/fonts/type1/public/amsfonts/cm/cmmi10.pfb></usr/local/texlive/2025/texmf-dist/fonts/type1/public/amsfonts/cm/cmmi12.pfb></usr/local/texlive/2025/texmf-dist/fonts/type1/public/amsfonts/cm/cmmi6.pfb></usr/local/texlive/2025/texmf-dist/fonts/type1/public/amsfonts/cm/cmmi7.pfb></usr/local/texlive/2025/texmf-dist/fonts/type1/public/amsfonts/cm/cmmi8.pfb></usr/local/texlive/2025/texmf-dist/fonts/type1/public/amsfonts/cm/cmmi9.pfb></usr/local/texlive/2025/texmf-dist/fonts/type1/public/amsfonts/cm/cmmib10.pfb></usr/local/texlive/2025/texmf-dist/fonts/type1/public/amsfonts/cmextra/cmmib8.pfb></usr/local/texlive/2025/texmf-dist/fonts/type1/public/amsfonts/cmextra/cmmib9.pfb></usr/local/texlive/2025/texmf-dist/fonts/type1/public/amsfonts/cm/cmr10.pfb></usr/local/texlive/2025/texmf-dist/fonts/type1/public/amsfonts/cm/cmr12.pfb></usr/local/texlive/2025/texmf-dist/fonts/type1/public/amsfonts/cm/cmr6.pfb></usr/local/texlive/2025/texmf-dist/fonts/type1/public/amsfonts/cm/cmr7.pfb></usr/local/texlive/2025/texmf-dist/fonts/type1/public/amsfonts/cm/cmr8.pfb></usr/local/texlive/2025/texmf-dist/fonts/type1/public/amsfonts/cm/cmr9.pfb></usr/local/texlive/2025/texmf-dist/fonts/type1/public/amsfonts/cm/cmsy10.pfb></usr/local/texlive/2025/texmf-dist/fonts/type1/public/amsfonts/cm/cmsy6.pfb></usr/local/texlive/2025/texmf-dist/fonts/type1/public/amsfonts/cm/cmsy7.pfb></usr/local/texlive/2025/texmf-dist/fonts/type1/public/amsfonts/cm/cmsy8.pfb></usr/local/texlive/2025/texmf-dist/fonts/type1/public/amsfonts/cm/cmsy9.pfb></usr/local/texlive/2025/texmf-dist/fonts/type1/public/amsfonts/symbols/msam10.pfb></usr/local/texlive/2025/texmf-dist/fonts/type1/public/amsfonts/symbols/msbm10.pfb></usr/local/texlive/2025/texmf-dist/fonts/type1/public/cm-super/sftt1200.pfb>
Output written on main.pdf (243 pages, 1124960 bytes).
PDF statistics:
 2031 PDF objects out of 2073 (max. 8388607)
 1705 compressed objects within 18 object streams
 865 named destinations out of 1000 (max. 500000)
 83969 words of extra memory for PDF output out of 89155 (max. 10000000)

